CRITICAL - 2021-11-22 03:57:15 --> Undefined property: CodeIgniter\View\View::$uri
#0 C:\Users\yerob\xampp\htdocs\ci4login\app\Views\templates\sidebar.php(7): CodeIgniter\Debug\Exceptions->errorHandler(8, 'Undefined prope...', 'C:\\Users\\yerob\\...', 7, Array)
#1 C:\Users\yerob\xampp\htdocs\ci4login\vendor\codeigniter4\framework\system\View\View.php(214): include('C:\\Users\\yerob\\...')
#2 C:\Users\yerob\xampp\htdocs\ci4login\vendor\codeigniter4\framework\system\View\View.php(217): CodeIgniter\View\View->CodeIgniter\View\{closure}()
#3 C:\Users\yerob\xampp\htdocs\ci4login\vendor\codeigniter4\framework\system\View\View.php(432): CodeIgniter\View\View->render('templates/sideb...', NULL, true)
#4 C:\Users\yerob\xampp\htdocs\ci4login\app\Views\templates\index.php(42): CodeIgniter\View\View->include('templates/sideb...')
#5 C:\Users\yerob\xampp\htdocs\ci4login\vendor\codeigniter4\framework\system\View\View.php(214): include('C:\\Users\\yerob\\...')
#6 C:\Users\yerob\xampp\htdocs\ci4login\vendor\codeigniter4\framework\system\View\View.php(217): CodeIgniter\View\View->CodeIgniter\View\{closure}()
#7 C:\Users\yerob\xampp\htdocs\ci4login\vendor\codeigniter4\framework\system\View\View.php(230): CodeIgniter\View\View->render('templates/index', Array, true)
#8 C:\Users\yerob\xampp\htdocs\ci4login\vendor\codeigniter4\framework\system\Common.php(1097): CodeIgniter\View\View->render('admin/index', Array, true)
#9 C:\Users\yerob\xampp\htdocs\ci4login\app\Controllers\Admin.php(45): view('admin/index', Array)
#10 C:\Users\yerob\xampp\htdocs\ci4login\vendor\codeigniter4\framework\system\CodeIgniter.php(824): App\Controllers\Admin->userList()
#11 C:\Users\yerob\xampp\htdocs\ci4login\vendor\codeigniter4\framework\system\CodeIgniter.php(410): CodeIgniter\CodeIgniter->runController(Object(App\Controllers\Admin))
#12 C:\Users\yerob\xampp\htdocs\ci4login\vendor\codeigniter4\framework\system\CodeIgniter.php(318): CodeIgniter\CodeIgniter->handleRequest(NULL, Object(Config\Cache), false)
#13 C:\Users\yerob\xampp\htdocs\ci4login\public\index.php(37): CodeIgniter\CodeIgniter->run()
#14 C:\Users\yerob\xampp\htdocs\ci4login\vendor\codeigniter4\framework\system\Commands\Server\rewrite.php(43): require_once('C:\\Users\\yerob\\...')
#15 {main}
CRITICAL - 2021-11-22 03:59:46 --> Undefined property: CodeIgniter\View\View::$uri
#0 C:\Users\yerob\xampp\htdocs\ci4login\app\Views\templates\sidebar.php(7): CodeIgniter\Debug\Exceptions->errorHandler(8, 'Undefined prope...', 'C:\\Users\\yerob\\...', 7, Array)
#1 C:\Users\yerob\xampp\htdocs\ci4login\vendor\codeigniter4\framework\system\View\View.php(214): include('C:\\Users\\yerob\\...')
#2 C:\Users\yerob\xampp\htdocs\ci4login\vendor\codeigniter4\framework\system\View\View.php(217): CodeIgniter\View\View->CodeIgniter\View\{closure}()
#3 C:\Users\yerob\xampp\htdocs\ci4login\vendor\codeigniter4\framework\system\View\View.php(432): CodeIgniter\View\View->render('templates/sideb...', NULL, true)
#4 C:\Users\yerob\xampp\htdocs\ci4login\app\Views\templates\index.php(42): CodeIgniter\View\View->include('templates/sideb...')
#5 C:\Users\yerob\xampp\htdocs\ci4login\vendor\codeigniter4\framework\system\View\View.php(214): include('C:\\Users\\yerob\\...')
#6 C:\Users\yerob\xampp\htdocs\ci4login\vendor\codeigniter4\framework\system\View\View.php(217): CodeIgniter\View\View->CodeIgniter\View\{closure}()
#7 C:\Users\yerob\xampp\htdocs\ci4login\vendor\codeigniter4\framework\system\View\View.php(230): CodeIgniter\View\View->render('templates/index', Array, true)
#8 C:\Users\yerob\xampp\htdocs\ci4login\vendor\codeigniter4\framework\system\Common.php(1097): CodeIgniter\View\View->render('admin/index', Array, true)
#9 C:\Users\yerob\xampp\htdocs\ci4login\app\Controllers\Admin.php(48): view('admin/index', Array)
#10 C:\Users\yerob\xampp\htdocs\ci4login\vendor\codeigniter4\framework\system\CodeIgniter.php(824): App\Controllers\Admin->userList()
#11 C:\Users\yerob\xampp\htdocs\ci4login\vendor\codeigniter4\framework\system\CodeIgniter.php(410): CodeIgniter\CodeIgniter->runController(Object(App\Controllers\Admin))
#12 C:\Users\yerob\xampp\htdocs\ci4login\vendor\codeigniter4\framework\system\CodeIgniter.php(318): CodeIgniter\CodeIgniter->handleRequest(NULL, Object(Config\Cache), false)
#13 C:\Users\yerob\xampp\htdocs\ci4login\public\index.php(37): CodeIgniter\CodeIgniter->run()
#14 C:\Users\yerob\xampp\htdocs\ci4login\vendor\codeigniter4\framework\system\Commands\Server\rewrite.php(43): require_once('C:\\Users\\yerob\\...')
#15 {main}
CRITICAL - 2021-11-22 04:05:04 --> Undefined variable: segments
#0 C:\Users\yerob\xampp\htdocs\ci4login\app\Views\templates\sidebar.php(8): CodeIgniter\Debug\Exceptions->errorHandler(8, 'Undefined varia...', 'C:\\Users\\yerob\\...', 8, Array)
#1 C:\Users\yerob\xampp\htdocs\ci4login\vendor\codeigniter4\framework\system\View\View.php(214): include('C:\\Users\\yerob\\...')
#2 C:\Users\yerob\xampp\htdocs\ci4login\vendor\codeigniter4\framework\system\View\View.php(217): CodeIgniter\View\View->CodeIgniter\View\{closure}()
#3 C:\Users\yerob\xampp\htdocs\ci4login\vendor\codeigniter4\framework\system\View\View.php(432): CodeIgniter\View\View->render('templates/sideb...', NULL, true)
#4 C:\Users\yerob\xampp\htdocs\ci4login\app\Views\templates\index.php(42): CodeIgniter\View\View->include('templates/sideb...')
#5 C:\Users\yerob\xampp\htdocs\ci4login\vendor\codeigniter4\framework\system\View\View.php(214): include('C:\\Users\\yerob\\...')
#6 C:\Users\yerob\xampp\htdocs\ci4login\vendor\codeigniter4\framework\system\View\View.php(217): CodeIgniter\View\View->CodeIgniter\View\{closure}()
#7 C:\Users\yerob\xampp\htdocs\ci4login\vendor\codeigniter4\framework\system\View\View.php(230): CodeIgniter\View\View->render('templates/index', Array, true)
#8 C:\Users\yerob\xampp\htdocs\ci4login\vendor\codeigniter4\framework\system\Common.php(1097): CodeIgniter\View\View->render('user-profile/in...', Array, true)
#9 C:\Users\yerob\xampp\htdocs\ci4login\app\Controllers\User.php(9): view('user-profile/in...', Array)
#10 C:\Users\yerob\xampp\htdocs\ci4login\vendor\codeigniter4\framework\system\CodeIgniter.php(824): App\Controllers\User->index()
#11 C:\Users\yerob\xampp\htdocs\ci4login\vendor\codeigniter4\framework\system\CodeIgniter.php(410): CodeIgniter\CodeIgniter->runController(Object(App\Controllers\User))
#12 C:\Users\yerob\xampp\htdocs\ci4login\vendor\codeigniter4\framework\system\CodeIgniter.php(318): CodeIgniter\CodeIgniter->handleRequest(NULL, Object(Config\Cache), false)
#13 C:\Users\yerob\xampp\htdocs\ci4login\public\index.php(37): CodeIgniter\CodeIgniter->run()
#14 C:\Users\yerob\xampp\htdocs\ci4login\vendor\codeigniter4\framework\system\Commands\Server\rewrite.php(43): require_once('C:\\Users\\yerob\\...')
#15 {main}
CRITICAL - 2021-11-22 04:05:18 --> Undefined variable: segments
#0 C:\Users\yerob\xampp\htdocs\ci4login\app\Views\templates\sidebar.php(8): CodeIgniter\Debug\Exceptions->errorHandler(8, 'Undefined varia...', 'C:\\Users\\yerob\\...', 8, Array)
#1 C:\Users\yerob\xampp\htdocs\ci4login\vendor\codeigniter4\framework\system\View\View.php(214): include('C:\\Users\\yerob\\...')
#2 C:\Users\yerob\xampp\htdocs\ci4login\vendor\codeigniter4\framework\system\View\View.php(217): CodeIgniter\View\View->CodeIgniter\View\{closure}()
#3 C:\Users\yerob\xampp\htdocs\ci4login\vendor\codeigniter4\framework\system\View\View.php(432): CodeIgniter\View\View->render('templates/sideb...', NULL, true)
#4 C:\Users\yerob\xampp\htdocs\ci4login\app\Views\templates\index.php(42): CodeIgniter\View\View->include('templates/sideb...')
#5 C:\Users\yerob\xampp\htdocs\ci4login\vendor\codeigniter4\framework\system\View\View.php(214): include('C:\\Users\\yerob\\...')
#6 C:\Users\yerob\xampp\htdocs\ci4login\vendor\codeigniter4\framework\system\View\View.php(217): CodeIgniter\View\View->CodeIgniter\View\{closure}()
#7 C:\Users\yerob\xampp\htdocs\ci4login\vendor\codeigniter4\framework\system\View\View.php(230): CodeIgniter\View\View->render('templates/index', Array, true)
#8 C:\Users\yerob\xampp\htdocs\ci4login\vendor\codeigniter4\framework\system\Common.php(1097): CodeIgniter\View\View->render('user-profile/in...', Array, true)
#9 C:\Users\yerob\xampp\htdocs\ci4login\app\Controllers\User.php(9): view('user-profile/in...', Array)
#10 C:\Users\yerob\xampp\htdocs\ci4login\vendor\codeigniter4\framework\system\CodeIgniter.php(824): App\Controllers\User->index()
#11 C:\Users\yerob\xampp\htdocs\ci4login\vendor\codeigniter4\framework\system\CodeIgniter.php(410): CodeIgniter\CodeIgniter->runController(Object(App\Controllers\User))
#12 C:\Users\yerob\xampp\htdocs\ci4login\vendor\codeigniter4\framework\system\CodeIgniter.php(318): CodeIgniter\CodeIgniter->handleRequest(NULL, Object(Config\Cache), false)
#13 C:\Users\yerob\xampp\htdocs\ci4login\public\index.php(37): CodeIgniter\CodeIgniter->run()
#14 C:\Users\yerob\xampp\htdocs\ci4login\vendor\codeigniter4\framework\system\Commands\Server\rewrite.php(43): require_once('C:\\Users\\yerob\\...')
#15 {main}
CRITICAL - 2021-11-22 04:05:28 --> Undefined variable: segments
#0 C:\Users\yerob\xampp\htdocs\ci4login\app\Views\templates\sidebar.php(22): CodeIgniter\Debug\Exceptions->errorHandler(8, 'Undefined varia...', 'C:\\Users\\yerob\\...', 22, Array)
#1 C:\Users\yerob\xampp\htdocs\ci4login\vendor\codeigniter4\framework\system\View\View.php(214): include('C:\\Users\\yerob\\...')
#2 C:\Users\yerob\xampp\htdocs\ci4login\vendor\codeigniter4\framework\system\View\View.php(217): CodeIgniter\View\View->CodeIgniter\View\{closure}()
#3 C:\Users\yerob\xampp\htdocs\ci4login\vendor\codeigniter4\framework\system\View\View.php(432): CodeIgniter\View\View->render('templates/sideb...', NULL, true)
#4 C:\Users\yerob\xampp\htdocs\ci4login\app\Views\templates\index.php(42): CodeIgniter\View\View->include('templates/sideb...')
#5 C:\Users\yerob\xampp\htdocs\ci4login\vendor\codeigniter4\framework\system\View\View.php(214): include('C:\\Users\\yerob\\...')
#6 C:\Users\yerob\xampp\htdocs\ci4login\vendor\codeigniter4\framework\system\View\View.php(217): CodeIgniter\View\View->CodeIgniter\View\{closure}()
#7 C:\Users\yerob\xampp\htdocs\ci4login\vendor\codeigniter4\framework\system\View\View.php(230): CodeIgniter\View\View->render('templates/index', Array, true)
#8 C:\Users\yerob\xampp\htdocs\ci4login\vendor\codeigniter4\framework\system\Common.php(1097): CodeIgniter\View\View->render('user-profile/in...', Array, true)
#9 C:\Users\yerob\xampp\htdocs\ci4login\app\Controllers\User.php(9): view('user-profile/in...', Array)
#10 C:\Users\yerob\xampp\htdocs\ci4login\vendor\codeigniter4\framework\system\CodeIgniter.php(824): App\Controllers\User->index()
#11 C:\Users\yerob\xampp\htdocs\ci4login\vendor\codeigniter4\framework\system\CodeIgniter.php(410): CodeIgniter\CodeIgniter->runController(Object(App\Controllers\User))
#12 C:\Users\yerob\xampp\htdocs\ci4login\vendor\codeigniter4\framework\system\CodeIgniter.php(318): CodeIgniter\CodeIgniter->handleRequest(NULL, Object(Config\Cache), false)
#13 C:\Users\yerob\xampp\htdocs\ci4login\public\index.php(37): CodeIgniter\CodeIgniter->run()
#14 C:\Users\yerob\xampp\htdocs\ci4login\vendor\codeigniter4\framework\system\Commands\Server\rewrite.php(43): require_once('C:\\Users\\yerob\\...')
#15 {main}
CRITICAL - 2021-11-22 04:05:36 --> Undefined variable: segments
#0 C:\Users\yerob\xampp\htdocs\ci4login\app\Views\templates\sidebar.php(22): CodeIgniter\Debug\Exceptions->errorHandler(8, 'Undefined varia...', 'C:\\Users\\yerob\\...', 22, Array)
#1 C:\Users\yerob\xampp\htdocs\ci4login\vendor\codeigniter4\framework\system\View\View.php(214): include('C:\\Users\\yerob\\...')
#2 C:\Users\yerob\xampp\htdocs\ci4login\vendor\codeigniter4\framework\system\View\View.php(217): CodeIgniter\View\View->CodeIgniter\View\{closure}()
#3 C:\Users\yerob\xampp\htdocs\ci4login\vendor\codeigniter4\framework\system\View\View.php(432): CodeIgniter\View\View->render('templates/sideb...', NULL, true)
#4 C:\Users\yerob\xampp\htdocs\ci4login\app\Views\templates\index.php(42): CodeIgniter\View\View->include('templates/sideb...')
#5 C:\Users\yerob\xampp\htdocs\ci4login\vendor\codeigniter4\framework\system\View\View.php(214): include('C:\\Users\\yerob\\...')
#6 C:\Users\yerob\xampp\htdocs\ci4login\vendor\codeigniter4\framework\system\View\View.php(217): CodeIgniter\View\View->CodeIgniter\View\{closure}()
#7 C:\Users\yerob\xampp\htdocs\ci4login\vendor\codeigniter4\framework\system\View\View.php(230): CodeIgniter\View\View->render('templates/index', Array, true)
#8 C:\Users\yerob\xampp\htdocs\ci4login\vendor\codeigniter4\framework\system\Common.php(1097): CodeIgniter\View\View->render('user-profile/in...', Array, true)
#9 C:\Users\yerob\xampp\htdocs\ci4login\app\Controllers\User.php(9): view('user-profile/in...', Array)
#10 C:\Users\yerob\xampp\htdocs\ci4login\vendor\codeigniter4\framework\system\CodeIgniter.php(824): App\Controllers\User->index()
#11 C:\Users\yerob\xampp\htdocs\ci4login\vendor\codeigniter4\framework\system\CodeIgniter.php(410): CodeIgniter\CodeIgniter->runController(Object(App\Controllers\User))
#12 C:\Users\yerob\xampp\htdocs\ci4login\vendor\codeigniter4\framework\system\CodeIgniter.php(318): CodeIgniter\CodeIgniter->handleRequest(NULL, Object(Config\Cache), false)
#13 C:\Users\yerob\xampp\htdocs\ci4login\public\index.php(37): CodeIgniter\CodeIgniter->run()
#14 C:\Users\yerob\xampp\htdocs\ci4login\vendor\codeigniter4\framework\system\Commands\Server\rewrite.php(43): require_once('C:\\Users\\yerob\\...')
#15 {main}
CRITICAL - 2021-11-22 04:07:56 --> Undefined offset: 1
#0 C:\Users\yerob\xampp\htdocs\ci4login\app\Views\templates\sidebar.php(23): CodeIgniter\Debug\Exceptions->errorHandler(8, 'Undefined offse...', 'C:\\Users\\yerob\\...', 23, Array)
#1 C:\Users\yerob\xampp\htdocs\ci4login\vendor\codeigniter4\framework\system\View\View.php(214): include('C:\\Users\\yerob\\...')
#2 C:\Users\yerob\xampp\htdocs\ci4login\vendor\codeigniter4\framework\system\View\View.php(217): CodeIgniter\View\View->CodeIgniter\View\{closure}()
#3 C:\Users\yerob\xampp\htdocs\ci4login\vendor\codeigniter4\framework\system\View\View.php(432): CodeIgniter\View\View->render('templates/sideb...', NULL, true)
#4 C:\Users\yerob\xampp\htdocs\ci4login\app\Views\templates\index.php(42): CodeIgniter\View\View->include('templates/sideb...')
#5 C:\Users\yerob\xampp\htdocs\ci4login\vendor\codeigniter4\framework\system\View\View.php(214): include('C:\\Users\\yerob\\...')
#6 C:\Users\yerob\xampp\htdocs\ci4login\vendor\codeigniter4\framework\system\View\View.php(217): CodeIgniter\View\View->CodeIgniter\View\{closure}()
#7 C:\Users\yerob\xampp\htdocs\ci4login\vendor\codeigniter4\framework\system\View\View.php(230): CodeIgniter\View\View->render('templates/index', Array, true)
#8 C:\Users\yerob\xampp\htdocs\ci4login\vendor\codeigniter4\framework\system\Common.php(1097): CodeIgniter\View\View->render('user-profile/in...', Array, true)
#9 C:\Users\yerob\xampp\htdocs\ci4login\app\Controllers\User.php(14): view('user-profile/in...', Array)
#10 C:\Users\yerob\xampp\htdocs\ci4login\vendor\codeigniter4\framework\system\CodeIgniter.php(824): App\Controllers\User->index()
#11 C:\Users\yerob\xampp\htdocs\ci4login\vendor\codeigniter4\framework\system\CodeIgniter.php(410): CodeIgniter\CodeIgniter->runController(Object(App\Controllers\User))
#12 C:\Users\yerob\xampp\htdocs\ci4login\vendor\codeigniter4\framework\system\CodeIgniter.php(318): CodeIgniter\CodeIgniter->handleRequest(NULL, Object(Config\Cache), false)
#13 C:\Users\yerob\xampp\htdocs\ci4login\public\index.php(37): CodeIgniter\CodeIgniter->run()
#14 C:\Users\yerob\xampp\htdocs\ci4login\vendor\codeigniter4\framework\system\Commands\Server\rewrite.php(43): require_once('C:\\Users\\yerob\\...')
#15 {main}
CRITICAL - 2021-11-22 10:29:14 --> Undefined variable: segments
#0 C:\Users\yerob\xampp\htdocs\ci4login\app\Views\templates\sidebar.php(8): CodeIgniter\Debug\Exceptions->errorHandler(8, 'Undefined varia...', 'C:\\Users\\yerob\\...', 8, Array)
#1 C:\Users\yerob\xampp\htdocs\ci4login\vendor\codeigniter4\framework\system\View\View.php(214): include('C:\\Users\\yerob\\...')
#2 C:\Users\yerob\xampp\htdocs\ci4login\vendor\codeigniter4\framework\system\View\View.php(217): CodeIgniter\View\View->CodeIgniter\View\{closure}()
#3 C:\Users\yerob\xampp\htdocs\ci4login\vendor\codeigniter4\framework\system\View\View.php(432): CodeIgniter\View\View->render('templates/sideb...', NULL, true)
#4 C:\Users\yerob\xampp\htdocs\ci4login\app\Views\templates\index.php(42): CodeIgniter\View\View->include('templates/sideb...')
#5 C:\Users\yerob\xampp\htdocs\ci4login\vendor\codeigniter4\framework\system\View\View.php(214): include('C:\\Users\\yerob\\...')
#6 C:\Users\yerob\xampp\htdocs\ci4login\vendor\codeigniter4\framework\system\View\View.php(217): CodeIgniter\View\View->CodeIgniter\View\{closure}()
#7 C:\Users\yerob\xampp\htdocs\ci4login\vendor\codeigniter4\framework\system\View\View.php(230): CodeIgniter\View\View->render('templates/index', Array, true)
#8 C:\Users\yerob\xampp\htdocs\ci4login\vendor\codeigniter4\framework\system\Common.php(1097): CodeIgniter\View\View->render('main-page/index', Array, true)
#9 C:\Users\yerob\xampp\htdocs\ci4login\app\Controllers\Home.php(13): view('main-page/index', Array)
#10 C:\Users\yerob\xampp\htdocs\ci4login\vendor\codeigniter4\framework\system\CodeIgniter.php(824): App\Controllers\Home->index()
#11 C:\Users\yerob\xampp\htdocs\ci4login\vendor\codeigniter4\framework\system\CodeIgniter.php(410): CodeIgniter\CodeIgniter->runController(Object(App\Controllers\Home))
#12 C:\Users\yerob\xampp\htdocs\ci4login\vendor\codeigniter4\framework\system\CodeIgniter.php(318): CodeIgniter\CodeIgniter->handleRequest(NULL, Object(Config\Cache), false)
#13 C:\Users\yerob\xampp\htdocs\ci4login\public\index.php(37): CodeIgniter\CodeIgniter->run()
#14 C:\Users\yerob\xampp\htdocs\ci4login\vendor\codeigniter4\framework\system\Commands\Server\rewrite.php(43): require_once('C:\\Users\\yerob\\...')
#15 {main}
CRITICAL - 2021-11-22 10:30:18 --> Undefined variable: segments
#0 C:\Users\yerob\xampp\htdocs\ci4login\app\Views\templates\sidebar.php(8): CodeIgniter\Debug\Exceptions->errorHandler(8, 'Undefined varia...', 'C:\\Users\\yerob\\...', 8, Array)
#1 C:\Users\yerob\xampp\htdocs\ci4login\vendor\codeigniter4\framework\system\View\View.php(214): include('C:\\Users\\yerob\\...')
#2 C:\Users\yerob\xampp\htdocs\ci4login\vendor\codeigniter4\framework\system\View\View.php(217): CodeIgniter\View\View->CodeIgniter\View\{closure}()
#3 C:\Users\yerob\xampp\htdocs\ci4login\vendor\codeigniter4\framework\system\View\View.php(432): CodeIgniter\View\View->render('templates/sideb...', NULL, true)
#4 C:\Users\yerob\xampp\htdocs\ci4login\app\Views\templates\index.php(42): CodeIgniter\View\View->include('templates/sideb...')
#5 C:\Users\yerob\xampp\htdocs\ci4login\vendor\codeigniter4\framework\system\View\View.php(214): include('C:\\Users\\yerob\\...')
#6 C:\Users\yerob\xampp\htdocs\ci4login\vendor\codeigniter4\framework\system\View\View.php(217): CodeIgniter\View\View->CodeIgniter\View\{closure}()
#7 C:\Users\yerob\xampp\htdocs\ci4login\vendor\codeigniter4\framework\system\View\View.php(230): CodeIgniter\View\View->render('templates/index', Array, true)
#8 C:\Users\yerob\xampp\htdocs\ci4login\vendor\codeigniter4\framework\system\Common.php(1097): CodeIgniter\View\View->render('main-page/index', Array, true)
#9 C:\Users\yerob\xampp\htdocs\ci4login\app\Controllers\Home.php(13): view('main-page/index', Array)
#10 C:\Users\yerob\xampp\htdocs\ci4login\vendor\codeigniter4\framework\system\CodeIgniter.php(824): App\Controllers\Home->index()
#11 C:\Users\yerob\xampp\htdocs\ci4login\vendor\codeigniter4\framework\system\CodeIgniter.php(410): CodeIgniter\CodeIgniter->runController(Object(App\Controllers\Home))
#12 C:\Users\yerob\xampp\htdocs\ci4login\vendor\codeigniter4\framework\system\CodeIgniter.php(318): CodeIgniter\CodeIgniter->handleRequest(NULL, Object(Config\Cache), false)
#13 C:\Users\yerob\xampp\htdocs\ci4login\public\index.php(37): CodeIgniter\CodeIgniter->run()
#14 C:\Users\yerob\xampp\htdocs\ci4login\vendor\codeigniter4\framework\system\Commands\Server\rewrite.php(43): require_once('C:\\Users\\yerob\\...')
#15 {main}
CRITICAL - 2021-11-22 10:30:24 --> Undefined variable: segments
#0 C:\Users\yerob\xampp\htdocs\ci4login\app\Views\templates\sidebar.php(8): CodeIgniter\Debug\Exceptions->errorHandler(8, 'Undefined varia...', 'C:\\Users\\yerob\\...', 8, Array)
#1 C:\Users\yerob\xampp\htdocs\ci4login\vendor\codeigniter4\framework\system\View\View.php(214): include('C:\\Users\\yerob\\...')
#2 C:\Users\yerob\xampp\htdocs\ci4login\vendor\codeigniter4\framework\system\View\View.php(217): CodeIgniter\View\View->CodeIgniter\View\{closure}()
#3 C:\Users\yerob\xampp\htdocs\ci4login\vendor\codeigniter4\framework\system\View\View.php(432): CodeIgniter\View\View->render('templates/sideb...', NULL, true)
#4 C:\Users\yerob\xampp\htdocs\ci4login\app\Views\templates\index.php(42): CodeIgniter\View\View->include('templates/sideb...')
#5 C:\Users\yerob\xampp\htdocs\ci4login\vendor\codeigniter4\framework\system\View\View.php(214): include('C:\\Users\\yerob\\...')
#6 C:\Users\yerob\xampp\htdocs\ci4login\vendor\codeigniter4\framework\system\View\View.php(217): CodeIgniter\View\View->CodeIgniter\View\{closure}()
#7 C:\Users\yerob\xampp\htdocs\ci4login\vendor\codeigniter4\framework\system\View\View.php(230): CodeIgniter\View\View->render('templates/index', Array, true)
#8 C:\Users\yerob\xampp\htdocs\ci4login\vendor\codeigniter4\framework\system\Common.php(1097): CodeIgniter\View\View->render('main-page/index', Array, true)
#9 C:\Users\yerob\xampp\htdocs\ci4login\app\Controllers\Home.php(13): view('main-page/index', Array)
#10 C:\Users\yerob\xampp\htdocs\ci4login\vendor\codeigniter4\framework\system\CodeIgniter.php(824): App\Controllers\Home->index()
#11 C:\Users\yerob\xampp\htdocs\ci4login\vendor\codeigniter4\framework\system\CodeIgniter.php(410): CodeIgniter\CodeIgniter->runController(Object(App\Controllers\Home))
#12 C:\Users\yerob\xampp\htdocs\ci4login\vendor\codeigniter4\framework\system\CodeIgniter.php(318): CodeIgniter\CodeIgniter->handleRequest(NULL, Object(Config\Cache), false)
#13 C:\Users\yerob\xampp\htdocs\ci4login\public\index.php(37): CodeIgniter\CodeIgniter->run()
#14 C:\Users\yerob\xampp\htdocs\ci4login\vendor\codeigniter4\framework\system\Commands\Server\rewrite.php(43): require_once('C:\\Users\\yerob\\...')
#15 {main}
ERROR - 2021-11-22 21:55:51 --> Error connecting to the database: No connection could be made because the target machine actively refused it.

CRITICAL - 2021-11-22 21:55:51 --> Unable to connect to the database.
Main connection [MySQLi]: No connection could be made because the target machine actively refused it.

#0 C:\Users\yerob\xampp\htdocs\ci4login\vendor\codeigniter4\framework\system\Database\BaseConnection.php(577): CodeIgniter\Database\BaseConnection->initialize()
#1 C:\Users\yerob\xampp\htdocs\ci4login\vendor\codeigniter4\framework\system\Database\BaseBuilder.php(1443): CodeIgniter\Database\BaseConnection->query('SELECT *\nFROM `...', Array, false)
#2 C:\Users\yerob\xampp\htdocs\ci4login\vendor\codeigniter4\framework\system\Model.php(210): CodeIgniter\Database\BaseBuilder->get()
#3 C:\Users\yerob\xampp\htdocs\ci4login\vendor\codeigniter4\framework\system\BaseModel.php(622): CodeIgniter\Model->doFirst()
#4 C:\Users\yerob\xampp\htdocs\ci4login\vendor\myth\auth\src\Authentication\LocalAuthenticator.php(156): CodeIgniter\BaseModel->first()
#5 C:\Users\yerob\xampp\htdocs\ci4login\vendor\myth\auth\src\Authentication\LocalAuthenticator.php(20): Myth\Auth\Authentication\LocalAuthenticator->validate(Array, true)
#6 C:\Users\yerob\xampp\htdocs\ci4login\vendor\myth\auth\src\Controllers\AuthController.php(88): Myth\Auth\Authentication\LocalAuthenticator->attempt(Array, false)
#7 C:\Users\yerob\xampp\htdocs\ci4login\vendor\codeigniter4\framework\system\CodeIgniter.php(824): Myth\Auth\Controllers\AuthController->attemptLogin()
#8 C:\Users\yerob\xampp\htdocs\ci4login\vendor\codeigniter4\framework\system\CodeIgniter.php(410): CodeIgniter\CodeIgniter->runController(Object(Myth\Auth\Controllers\AuthController))
#9 C:\Users\yerob\xampp\htdocs\ci4login\vendor\codeigniter4\framework\system\CodeIgniter.php(318): CodeIgniter\CodeIgniter->handleRequest(NULL, Object(Config\Cache), false)
#10 C:\Users\yerob\xampp\htdocs\ci4login\public\index.php(37): CodeIgniter\CodeIgniter->run()
#11 C:\Users\yerob\xampp\htdocs\ci4login\vendor\codeigniter4\framework\system\Commands\Server\rewrite.php(43): require_once('C:\\Users\\yerob\\...')
#12 {main}
CRITICAL - 2021-11-22 21:55:51 --> Uncaught ErrorException: print_r(): Property access is not allowed yet in C:\Users\yerob\xampp\htdocs\ci4login\app\Views\errors\html\error_exception.php:96
Stack trace:
#0 [internal function]: CodeIgniter\Debug\Exceptions->errorHandler(2, 'print_r(): Prop...', 'C:\\Users\\yerob\\...', 96, Array)
#1 C:\Users\yerob\xampp\htdocs\ci4login\app\Views\errors\html\error_exception.php(96): print_r(Object(Myth\Auth\Controllers\AuthController), true)
#2 C:\Users\yerob\xampp\htdocs\ci4login\vendor\codeigniter4\framework\system\Debug\Exceptions.php(229): include('C:\\Users\\yerob\\...')
#3 C:\Users\yerob\xampp\htdocs\ci4login\vendor\codeigniter4\framework\system\Debug\Exceptions.php(232): CodeIgniter\Debug\Exceptions->CodeIgniter\Debug\{closure}()
#4 C:\Users\yerob\xampp\htdocs\ci4login\vendor\codeigniter4\framework\system\Debug\Exceptions.php(116): CodeIgniter\Debug\Exceptions->render(Object(CodeIgniter\Database\Exceptions\DatabaseException), 500)
#5 [internal function]: CodeIgniter\Debug\Exceptions->exceptionHandler(Obj
#0 [internal function]: CodeIgniter\Debug\Exceptions->shutdownHandler()
#1 {main}
CRITICAL - 2021-11-22 21:56:01 --> Undefined variable: segments
#0 C:\Users\yerob\xampp\htdocs\ci4login\app\Views\templates\sidebar.php(8): CodeIgniter\Debug\Exceptions->errorHandler(8, 'Undefined varia...', 'C:\\Users\\yerob\\...', 8, Array)
#1 C:\Users\yerob\xampp\htdocs\ci4login\vendor\codeigniter4\framework\system\View\View.php(214): include('C:\\Users\\yerob\\...')
#2 C:\Users\yerob\xampp\htdocs\ci4login\vendor\codeigniter4\framework\system\View\View.php(217): CodeIgniter\View\View->CodeIgniter\View\{closure}()
#3 C:\Users\yerob\xampp\htdocs\ci4login\vendor\codeigniter4\framework\system\View\View.php(432): CodeIgniter\View\View->render('templates/sideb...', NULL, true)
#4 C:\Users\yerob\xampp\htdocs\ci4login\app\Views\templates\index.php(42): CodeIgniter\View\View->include('templates/sideb...')
#5 C:\Users\yerob\xampp\htdocs\ci4login\vendor\codeigniter4\framework\system\View\View.php(214): include('C:\\Users\\yerob\\...')
#6 C:\Users\yerob\xampp\htdocs\ci4login\vendor\codeigniter4\framework\system\View\View.php(217): CodeIgniter\View\View->CodeIgniter\View\{closure}()
#7 C:\Users\yerob\xampp\htdocs\ci4login\vendor\codeigniter4\framework\system\View\View.php(230): CodeIgniter\View\View->render('templates/index', Array, true)
#8 C:\Users\yerob\xampp\htdocs\ci4login\vendor\codeigniter4\framework\system\Common.php(1097): CodeIgniter\View\View->render('main-page/index', Array, true)
#9 C:\Users\yerob\xampp\htdocs\ci4login\app\Controllers\Home.php(13): view('main-page/index', Array)
#10 C:\Users\yerob\xampp\htdocs\ci4login\vendor\codeigniter4\framework\system\CodeIgniter.php(824): App\Controllers\Home->index()
#11 C:\Users\yerob\xampp\htdocs\ci4login\vendor\codeigniter4\framework\system\CodeIgniter.php(410): CodeIgniter\CodeIgniter->runController(Object(App\Controllers\Home))
#12 C:\Users\yerob\xampp\htdocs\ci4login\vendor\codeigniter4\framework\system\CodeIgniter.php(318): CodeIgniter\CodeIgniter->handleRequest(NULL, Object(Config\Cache), false)
#13 C:\Users\yerob\xampp\htdocs\ci4login\public\index.php(37): CodeIgniter\CodeIgniter->run()
#14 C:\Users\yerob\xampp\htdocs\ci4login\vendor\codeigniter4\framework\system\Commands\Server\rewrite.php(43): require_once('C:\\Users\\yerob\\...')
#15 {main}
CRITICAL - 2021-11-22 22:36:13 --> Undefined offset: 1
#0 C:\Users\yerob\xampp\htdocs\ci4login\app\Views\templates\sidebar.php(23): CodeIgniter\Debug\Exceptions->errorHandler(8, 'Undefined offse...', 'C:\\Users\\yerob\\...', 23, Array)
#1 C:\Users\yerob\xampp\htdocs\ci4login\vendor\codeigniter4\framework\system\View\View.php(214): include('C:\\Users\\yerob\\...')
#2 C:\Users\yerob\xampp\htdocs\ci4login\vendor\codeigniter4\framework\system\View\View.php(217): CodeIgniter\View\View->CodeIgniter\View\{closure}()
#3 C:\Users\yerob\xampp\htdocs\ci4login\vendor\codeigniter4\framework\system\View\View.php(432): CodeIgniter\View\View->render('templates/sideb...', NULL, true)
#4 C:\Users\yerob\xampp\htdocs\ci4login\app\Views\templates\index.php(42): CodeIgniter\View\View->include('templates/sideb...')
#5 C:\Users\yerob\xampp\htdocs\ci4login\vendor\codeigniter4\framework\system\View\View.php(214): include('C:\\Users\\yerob\\...')
#6 C:\Users\yerob\xampp\htdocs\ci4login\vendor\codeigniter4\framework\system\View\View.php(217): CodeIgniter\View\View->CodeIgniter\View\{closure}()
#7 C:\Users\yerob\xampp\htdocs\ci4login\vendor\codeigniter4\framework\system\View\View.php(230): CodeIgniter\View\View->render('templates/index', Array, true)
#8 C:\Users\yerob\xampp\htdocs\ci4login\vendor\codeigniter4\framework\system\Common.php(1097): CodeIgniter\View\View->render('admin/penulis/l...', Array, true)
#9 C:\Users\yerob\xampp\htdocs\ci4login\app\Controllers\Penulis.php(19): view('admin/penulis/l...', Array)
#10 C:\Users\yerob\xampp\htdocs\ci4login\vendor\codeigniter4\framework\system\CodeIgniter.php(824): App\Controllers\Penulis->index()
#11 C:\Users\yerob\xampp\htdocs\ci4login\vendor\codeigniter4\framework\system\CodeIgniter.php(410): CodeIgniter\CodeIgniter->runController(Object(App\Controllers\Penulis))
#12 C:\Users\yerob\xampp\htdocs\ci4login\vendor\codeigniter4\framework\system\CodeIgniter.php(318): CodeIgniter\CodeIgniter->handleRequest(NULL, Object(Config\Cache), false)
#13 C:\Users\yerob\xampp\htdocs\ci4login\public\index.php(37): CodeIgniter\CodeIgniter->run()
#14 C:\Users\yerob\xampp\htdocs\ci4login\vendor\codeigniter4\framework\system\Commands\Server\rewrite.php(43): require_once('C:\\Users\\yerob\\...')
#15 {main}
CRITICAL - 2021-11-22 22:36:21 --> Undefined offset: 1
#0 C:\Users\yerob\xampp\htdocs\ci4login\app\Views\templates\sidebar.php(23): CodeIgniter\Debug\Exceptions->errorHandler(8, 'Undefined offse...', 'C:\\Users\\yerob\\...', 23, Array)
#1 C:\Users\yerob\xampp\htdocs\ci4login\vendor\codeigniter4\framework\system\View\View.php(214): include('C:\\Users\\yerob\\...')
#2 C:\Users\yerob\xampp\htdocs\ci4login\vendor\codeigniter4\framework\system\View\View.php(217): CodeIgniter\View\View->CodeIgniter\View\{closure}()
#3 C:\Users\yerob\xampp\htdocs\ci4login\vendor\codeigniter4\framework\system\View\View.php(432): CodeIgniter\View\View->render('templates/sideb...', NULL, true)
#4 C:\Users\yerob\xampp\htdocs\ci4login\app\Views\templates\index.php(42): CodeIgniter\View\View->include('templates/sideb...')
#5 C:\Users\yerob\xampp\htdocs\ci4login\vendor\codeigniter4\framework\system\View\View.php(214): include('C:\\Users\\yerob\\...')
#6 C:\Users\yerob\xampp\htdocs\ci4login\vendor\codeigniter4\framework\system\View\View.php(217): CodeIgniter\View\View->CodeIgniter\View\{closure}()
#7 C:\Users\yerob\xampp\htdocs\ci4login\vendor\codeigniter4\framework\system\View\View.php(230): CodeIgniter\View\View->render('templates/index', Array, true)
#8 C:\Users\yerob\xampp\htdocs\ci4login\vendor\codeigniter4\framework\system\Common.php(1097): CodeIgniter\View\View->render('admin/penulis/l...', Array, true)
#9 C:\Users\yerob\xampp\htdocs\ci4login\app\Controllers\Penulis.php(19): view('admin/penulis/l...', Array)
#10 C:\Users\yerob\xampp\htdocs\ci4login\vendor\codeigniter4\framework\system\CodeIgniter.php(824): App\Controllers\Penulis->index()
#11 C:\Users\yerob\xampp\htdocs\ci4login\vendor\codeigniter4\framework\system\CodeIgniter.php(410): CodeIgniter\CodeIgniter->runController(Object(App\Controllers\Penulis))
#12 C:\Users\yerob\xampp\htdocs\ci4login\vendor\codeigniter4\framework\system\CodeIgniter.php(318): CodeIgniter\CodeIgniter->handleRequest(NULL, Object(Config\Cache), false)
#13 C:\Users\yerob\xampp\htdocs\ci4login\public\index.php(37): CodeIgniter\CodeIgniter->run()
#14 C:\Users\yerob\xampp\htdocs\ci4login\vendor\codeigniter4\framework\system\Commands\Server\rewrite.php(43): require_once('C:\\Users\\yerob\\...')
#15 {main}
CRITICAL - 2021-11-22 22:36:48 --> Undefined offset: 1
#0 C:\Users\yerob\xampp\htdocs\ci4login\app\Views\templates\sidebar.php(40): CodeIgniter\Debug\Exceptions->errorHandler(8, 'Undefined offse...', 'C:\\Users\\yerob\\...', 40, Array)
#1 C:\Users\yerob\xampp\htdocs\ci4login\vendor\codeigniter4\framework\system\View\View.php(214): include('C:\\Users\\yerob\\...')
#2 C:\Users\yerob\xampp\htdocs\ci4login\vendor\codeigniter4\framework\system\View\View.php(217): CodeIgniter\View\View->CodeIgniter\View\{closure}()
#3 C:\Users\yerob\xampp\htdocs\ci4login\vendor\codeigniter4\framework\system\View\View.php(432): CodeIgniter\View\View->render('templates/sideb...', NULL, true)
#4 C:\Users\yerob\xampp\htdocs\ci4login\app\Views\templates\index.php(42): CodeIgniter\View\View->include('templates/sideb...')
#5 C:\Users\yerob\xampp\htdocs\ci4login\vendor\codeigniter4\framework\system\View\View.php(214): include('C:\\Users\\yerob\\...')
#6 C:\Users\yerob\xampp\htdocs\ci4login\vendor\codeigniter4\framework\system\View\View.php(217): CodeIgniter\View\View->CodeIgniter\View\{closure}()
#7 C:\Users\yerob\xampp\htdocs\ci4login\vendor\codeigniter4\framework\system\View\View.php(230): CodeIgniter\View\View->render('templates/index', Array, true)
#8 C:\Users\yerob\xampp\htdocs\ci4login\vendor\codeigniter4\framework\system\Common.php(1097): CodeIgniter\View\View->render('admin/penulis/l...', Array, true)
#9 C:\Users\yerob\xampp\htdocs\ci4login\app\Controllers\Penulis.php(19): view('admin/penulis/l...', Array)
#10 C:\Users\yerob\xampp\htdocs\ci4login\vendor\codeigniter4\framework\system\CodeIgniter.php(824): App\Controllers\Penulis->index()
#11 C:\Users\yerob\xampp\htdocs\ci4login\vendor\codeigniter4\framework\system\CodeIgniter.php(410): CodeIgniter\CodeIgniter->runController(Object(App\Controllers\Penulis))
#12 C:\Users\yerob\xampp\htdocs\ci4login\vendor\codeigniter4\framework\system\CodeIgniter.php(318): CodeIgniter\CodeIgniter->handleRequest(NULL, Object(Config\Cache), false)
#13 C:\Users\yerob\xampp\htdocs\ci4login\public\index.php(37): CodeIgniter\CodeIgniter->run()
#14 C:\Users\yerob\xampp\htdocs\ci4login\vendor\codeigniter4\framework\system\Commands\Server\rewrite.php(43): require_once('C:\\Users\\yerob\\...')
#15 {main}
CRITICAL - 2021-11-22 22:36:50 --> Undefined offset: 1
#0 C:\Users\yerob\xampp\htdocs\ci4login\app\Views\templates\sidebar.php(40): CodeIgniter\Debug\Exceptions->errorHandler(8, 'Undefined offse...', 'C:\\Users\\yerob\\...', 40, Array)
#1 C:\Users\yerob\xampp\htdocs\ci4login\vendor\codeigniter4\framework\system\View\View.php(214): include('C:\\Users\\yerob\\...')
#2 C:\Users\yerob\xampp\htdocs\ci4login\vendor\codeigniter4\framework\system\View\View.php(217): CodeIgniter\View\View->CodeIgniter\View\{closure}()
#3 C:\Users\yerob\xampp\htdocs\ci4login\vendor\codeigniter4\framework\system\View\View.php(432): CodeIgniter\View\View->render('templates/sideb...', NULL, true)
#4 C:\Users\yerob\xampp\htdocs\ci4login\app\Views\templates\index.php(42): CodeIgniter\View\View->include('templates/sideb...')
#5 C:\Users\yerob\xampp\htdocs\ci4login\vendor\codeigniter4\framework\system\View\View.php(214): include('C:\\Users\\yerob\\...')
#6 C:\Users\yerob\xampp\htdocs\ci4login\vendor\codeigniter4\framework\system\View\View.php(217): CodeIgniter\View\View->CodeIgniter\View\{closure}()
#7 C:\Users\yerob\xampp\htdocs\ci4login\vendor\codeigniter4\framework\system\View\View.php(230): CodeIgniter\View\View->render('templates/index', Array, true)
#8 C:\Users\yerob\xampp\htdocs\ci4login\vendor\codeigniter4\framework\system\Common.php(1097): CodeIgniter\View\View->render('admin/penulis/l...', Array, true)
#9 C:\Users\yerob\xampp\htdocs\ci4login\app\Controllers\Penulis.php(19): view('admin/penulis/l...', Array)
#10 C:\Users\yerob\xampp\htdocs\ci4login\vendor\codeigniter4\framework\system\CodeIgniter.php(824): App\Controllers\Penulis->index()
#11 C:\Users\yerob\xampp\htdocs\ci4login\vendor\codeigniter4\framework\system\CodeIgniter.php(410): CodeIgniter\CodeIgniter->runController(Object(App\Controllers\Penulis))
#12 C:\Users\yerob\xampp\htdocs\ci4login\vendor\codeigniter4\framework\system\CodeIgniter.php(318): CodeIgniter\CodeIgniter->handleRequest(NULL, Object(Config\Cache), false)
#13 C:\Users\yerob\xampp\htdocs\ci4login\public\index.php(37): CodeIgniter\CodeIgniter->run()
#14 C:\Users\yerob\xampp\htdocs\ci4login\vendor\codeigniter4\framework\system\Commands\Server\rewrite.php(43): require_once('C:\\Users\\yerob\\...')
#15 {main}
CRITICAL - 2021-11-22 23:16:38 --> Call to undefined method stdClass::isBanned()
#0 C:\Users\yerob\xampp\htdocs\ci4login\vendor\myth\auth\src\Controllers\AuthController.php(88): Myth\Auth\Authentication\LocalAuthenticator->attempt(Array, false)
#1 C:\Users\yerob\xampp\htdocs\ci4login\vendor\codeigniter4\framework\system\CodeIgniter.php(824): Myth\Auth\Controllers\AuthController->attemptLogin()
#2 C:\Users\yerob\xampp\htdocs\ci4login\vendor\codeigniter4\framework\system\CodeIgniter.php(410): CodeIgniter\CodeIgniter->runController(Object(Myth\Auth\Controllers\AuthController))
#3 C:\Users\yerob\xampp\htdocs\ci4login\vendor\codeigniter4\framework\system\CodeIgniter.php(318): CodeIgniter\CodeIgniter->handleRequest(NULL, Object(Config\Cache), false)
#4 C:\Users\yerob\xampp\htdocs\ci4login\public\index.php(37): CodeIgniter\CodeIgniter->run()
#5 C:\Users\yerob\xampp\htdocs\ci4login\vendor\codeigniter4\framework\system\Commands\Server\rewrite.php(43): require_once('C:\\Users\\yerob\\...')
#6 {main}
CRITICAL - 2021-11-22 23:16:53 --> Call to undefined method stdClass::isBanned()
#0 C:\Users\yerob\xampp\htdocs\ci4login\vendor\myth\auth\src\Controllers\AuthController.php(88): Myth\Auth\Authentication\LocalAuthenticator->attempt(Array, false)
#1 C:\Users\yerob\xampp\htdocs\ci4login\vendor\codeigniter4\framework\system\CodeIgniter.php(824): Myth\Auth\Controllers\AuthController->attemptLogin()
#2 C:\Users\yerob\xampp\htdocs\ci4login\vendor\codeigniter4\framework\system\CodeIgniter.php(410): CodeIgniter\CodeIgniter->runController(Object(Myth\Auth\Controllers\AuthController))
#3 C:\Users\yerob\xampp\htdocs\ci4login\vendor\codeigniter4\framework\system\CodeIgniter.php(318): CodeIgniter\CodeIgniter->handleRequest(NULL, Object(Config\Cache), false)
#4 C:\Users\yerob\xampp\htdocs\ci4login\public\index.php(37): CodeIgniter\CodeIgniter->run()
#5 C:\Users\yerob\xampp\htdocs\ci4login\vendor\codeigniter4\framework\system\Commands\Server\rewrite.php(43): require_once('C:\\Users\\yerob\\...')
#6 {main}
CRITICAL - 2021-11-22 23:16:55 --> Call to undefined method stdClass::isBanned()
#0 C:\Users\yerob\xampp\htdocs\ci4login\vendor\myth\auth\src\Controllers\AuthController.php(88): Myth\Auth\Authentication\LocalAuthenticator->attempt(Array, false)
#1 C:\Users\yerob\xampp\htdocs\ci4login\vendor\codeigniter4\framework\system\CodeIgniter.php(824): Myth\Auth\Controllers\AuthController->attemptLogin()
#2 C:\Users\yerob\xampp\htdocs\ci4login\vendor\codeigniter4\framework\system\CodeIgniter.php(410): CodeIgniter\CodeIgniter->runController(Object(Myth\Auth\Controllers\AuthController))
#3 C:\Users\yerob\xampp\htdocs\ci4login\vendor\codeigniter4\framework\system\CodeIgniter.php(318): CodeIgniter\CodeIgniter->handleRequest(NULL, Object(Config\Cache), false)
#4 C:\Users\yerob\xampp\htdocs\ci4login\public\index.php(37): CodeIgniter\CodeIgniter->run()
#5 C:\Users\yerob\xampp\htdocs\ci4login\vendor\codeigniter4\framework\system\Commands\Server\rewrite.php(43): require_once('C:\\Users\\yerob\\...')
#6 {main}
CRITICAL - 2021-11-22 23:17:26 --> Call to undefined method stdClass::isBanned()
#0 C:\Users\yerob\xampp\htdocs\ci4login\vendor\myth\auth\src\Controllers\AuthController.php(88): Myth\Auth\Authentication\LocalAuthenticator->attempt(Array, false)
#1 C:\Users\yerob\xampp\htdocs\ci4login\vendor\codeigniter4\framework\system\CodeIgniter.php(824): Myth\Auth\Controllers\AuthController->attemptLogin()
#2 C:\Users\yerob\xampp\htdocs\ci4login\vendor\codeigniter4\framework\system\CodeIgniter.php(410): CodeIgniter\CodeIgniter->runController(Object(Myth\Auth\Controllers\AuthController))
#3 C:\Users\yerob\xampp\htdocs\ci4login\vendor\codeigniter4\framework\system\CodeIgniter.php(318): CodeIgniter\CodeIgniter->handleRequest(NULL, Object(Config\Cache), false)
#4 C:\Users\yerob\xampp\htdocs\ci4login\public\index.php(37): CodeIgniter\CodeIgniter->run()
#5 C:\Users\yerob\xampp\htdocs\ci4login\vendor\codeigniter4\framework\system\Commands\Server\rewrite.php(43): require_once('C:\\Users\\yerob\\...')
#6 {main}
CRITICAL - 2021-11-22 23:17:29 --> Call to undefined method stdClass::isBanned()
#0 C:\Users\yerob\xampp\htdocs\ci4login\vendor\myth\auth\src\Controllers\AuthController.php(88): Myth\Auth\Authentication\LocalAuthenticator->attempt(Array, false)
#1 C:\Users\yerob\xampp\htdocs\ci4login\vendor\codeigniter4\framework\system\CodeIgniter.php(824): Myth\Auth\Controllers\AuthController->attemptLogin()
#2 C:\Users\yerob\xampp\htdocs\ci4login\vendor\codeigniter4\framework\system\CodeIgniter.php(410): CodeIgniter\CodeIgniter->runController(Object(Myth\Auth\Controllers\AuthController))
#3 C:\Users\yerob\xampp\htdocs\ci4login\vendor\codeigniter4\framework\system\CodeIgniter.php(318): CodeIgniter\CodeIgniter->handleRequest(NULL, Object(Config\Cache), false)
#4 C:\Users\yerob\xampp\htdocs\ci4login\public\index.php(37): CodeIgniter\CodeIgniter->run()
#5 C:\Users\yerob\xampp\htdocs\ci4login\vendor\codeigniter4\framework\system\Commands\Server\rewrite.php(43): require_once('C:\\Users\\yerob\\...')
#6 {main}
CRITICAL - 2021-11-22 23:28:12 --> Argument 1 passed to CodeIgniter\Database\BaseResult::getFirstRow() must be of the type string, null given, called in C:\Users\yerob\xampp\htdocs\ci4login\vendor\codeigniter4\framework\system\Model.php on line 143
#0 C:\Users\yerob\xampp\htdocs\ci4login\vendor\codeigniter4\framework\system\Model.php(143): CodeIgniter\Database\BaseResult->getFirstRow(NULL)
#1 C:\Users\yerob\xampp\htdocs\ci4login\vendor\codeigniter4\framework\system\BaseModel.php(523): CodeIgniter\Model->doFind(true, '3')
#2 C:\Users\yerob\xampp\htdocs\ci4login\vendor\myth\auth\src\Authentication\AuthenticationBase.php(137): CodeIgniter\BaseModel->find('3')
#3 C:\Users\yerob\xampp\htdocs\ci4login\vendor\myth\auth\src\Authentication\LocalAuthenticator.php(70): Myth\Auth\Authentication\AuthenticationBase->isLoggedIn()
#4 C:\Users\yerob\xampp\htdocs\ci4login\vendor\myth\auth\src\Filters\RoleFilter.php(40): Myth\Auth\Authentication\LocalAuthenticator->check()
#5 C:\Users\yerob\xampp\htdocs\ci4login\vendor\codeigniter4\framework\system\Filters\Filters.php(173): Myth\Auth\Filters\RoleFilter->before(Object(CodeIgniter\HTTP\IncomingRequest), Array)
#6 C:\Users\yerob\xampp\htdocs\ci4login\vendor\codeigniter4\framework\system\CodeIgniter.php(384): CodeIgniter\Filters\Filters->run('admin/userList', 'before')
#7 C:\Users\yerob\xampp\htdocs\ci4login\vendor\codeigniter4\framework\system\CodeIgniter.php(318): CodeIgniter\CodeIgniter->handleRequest(NULL, Object(Config\Cache), false)
#8 C:\Users\yerob\xampp\htdocs\ci4login\public\index.php(37): CodeIgniter\CodeIgniter->run()
#9 C:\Users\yerob\xampp\htdocs\ci4login\vendor\codeigniter4\framework\system\Commands\Server\rewrite.php(43): require_once('C:\\Users\\yerob\\...')
#10 {main}
CRITICAL - 2021-11-22 23:28:51 --> Argument 1 passed to CodeIgniter\Database\BaseResult::getFirstRow() must be of the type string, null given, called in C:\Users\yerob\xampp\htdocs\ci4login\vendor\codeigniter4\framework\system\Model.php on line 143
#0 C:\Users\yerob\xampp\htdocs\ci4login\vendor\codeigniter4\framework\system\Model.php(143): CodeIgniter\Database\BaseResult->getFirstRow(NULL)
#1 C:\Users\yerob\xampp\htdocs\ci4login\vendor\codeigniter4\framework\system\BaseModel.php(523): CodeIgniter\Model->doFind(true, '3')
#2 C:\Users\yerob\xampp\htdocs\ci4login\vendor\myth\auth\src\Authentication\AuthenticationBase.php(137): CodeIgniter\BaseModel->find('3')
#3 C:\Users\yerob\xampp\htdocs\ci4login\vendor\myth\auth\src\Authentication\LocalAuthenticator.php(70): Myth\Auth\Authentication\AuthenticationBase->isLoggedIn()
#4 C:\Users\yerob\xampp\htdocs\ci4login\vendor\myth\auth\src\Filters\RoleFilter.php(40): Myth\Auth\Authentication\LocalAuthenticator->check()
#5 C:\Users\yerob\xampp\htdocs\ci4login\vendor\codeigniter4\framework\system\Filters\Filters.php(173): Myth\Auth\Filters\RoleFilter->before(Object(CodeIgniter\HTTP\IncomingRequest), Array)
#6 C:\Users\yerob\xampp\htdocs\ci4login\vendor\codeigniter4\framework\system\CodeIgniter.php(384): CodeIgniter\Filters\Filters->run('admin/userList', 'before')
#7 C:\Users\yerob\xampp\htdocs\ci4login\vendor\codeigniter4\framework\system\CodeIgniter.php(318): CodeIgniter\CodeIgniter->handleRequest(NULL, Object(Config\Cache), false)
#8 C:\Users\yerob\xampp\htdocs\ci4login\public\index.php(37): CodeIgniter\CodeIgniter->run()
#9 C:\Users\yerob\xampp\htdocs\ci4login\vendor\codeigniter4\framework\system\Commands\Server\rewrite.php(43): require_once('C:\\Users\\yerob\\...')
#10 {main}
CRITICAL - 2021-11-22 23:28:51 --> Argument 1 passed to CodeIgniter\Database\BaseResult::getFirstRow() must be of the type string, null given, called in C:\Users\yerob\xampp\htdocs\ci4login\vendor\codeigniter4\framework\system\Model.php on line 143
#0 C:\Users\yerob\xampp\htdocs\ci4login\vendor\codeigniter4\framework\system\Model.php(143): CodeIgniter\Database\BaseResult->getFirstRow(NULL)
#1 C:\Users\yerob\xampp\htdocs\ci4login\vendor\codeigniter4\framework\system\BaseModel.php(523): CodeIgniter\Model->doFind(true, '3')
#2 C:\Users\yerob\xampp\htdocs\ci4login\vendor\myth\auth\src\Authentication\AuthenticationBase.php(137): CodeIgniter\BaseModel->find('3')
#3 C:\Users\yerob\xampp\htdocs\ci4login\vendor\myth\auth\src\Authentication\LocalAuthenticator.php(70): Myth\Auth\Authentication\AuthenticationBase->isLoggedIn()
#4 C:\Users\yerob\xampp\htdocs\ci4login\vendor\myth\auth\src\Filters\RoleFilter.php(40): Myth\Auth\Authentication\LocalAuthenticator->check()
#5 C:\Users\yerob\xampp\htdocs\ci4login\vendor\codeigniter4\framework\system\Filters\Filters.php(173): Myth\Auth\Filters\RoleFilter->before(Object(CodeIgniter\HTTP\IncomingRequest), Array)
#6 C:\Users\yerob\xampp\htdocs\ci4login\vendor\codeigniter4\framework\system\CodeIgniter.php(384): CodeIgniter\Filters\Filters->run('admin/userList', 'before')
#7 C:\Users\yerob\xampp\htdocs\ci4login\vendor\codeigniter4\framework\system\CodeIgniter.php(318): CodeIgniter\CodeIgniter->handleRequest(NULL, Object(Config\Cache), false)
#8 C:\Users\yerob\xampp\htdocs\ci4login\public\index.php(37): CodeIgniter\CodeIgniter->run()
#9 C:\Users\yerob\xampp\htdocs\ci4login\vendor\codeigniter4\framework\system\Commands\Server\rewrite.php(43): require_once('C:\\Users\\yerob\\...')
#10 {main}
CRITICAL - 2021-11-22 23:49:12 --> Argument 1 passed to CodeIgniter\Database\BaseResult::getFirstRow() must be of the type string, null given, called in C:\Users\yerob\xampp\htdocs\ci4login\vendor\codeigniter4\framework\system\Model.php on line 143
#0 C:\Users\yerob\xampp\htdocs\ci4login\vendor\codeigniter4\framework\system\Model.php(143): CodeIgniter\Database\BaseResult->getFirstRow(NULL)
#1 C:\Users\yerob\xampp\htdocs\ci4login\vendor\codeigniter4\framework\system\BaseModel.php(523): CodeIgniter\Model->doFind(true, '3')
#2 C:\Users\yerob\xampp\htdocs\ci4login\vendor\myth\auth\src\Authentication\AuthenticationBase.php(137): CodeIgniter\BaseModel->find('3')
#3 C:\Users\yerob\xampp\htdocs\ci4login\vendor\myth\auth\src\Authentication\LocalAuthenticator.php(70): Myth\Auth\Authentication\AuthenticationBase->isLoggedIn()
#4 C:\Users\yerob\xampp\htdocs\ci4login\vendor\myth\auth\src\Filters\LoginFilter.php(45): Myth\Auth\Authentication\LocalAuthenticator->check()
#5 C:\Users\yerob\xampp\htdocs\ci4login\vendor\codeigniter4\framework\system\Filters\Filters.php(173): Myth\Auth\Filters\LoginFilter->before(Object(CodeIgniter\HTTP\IncomingRequest), NULL)
#6 C:\Users\yerob\xampp\htdocs\ci4login\vendor\codeigniter4\framework\system\CodeIgniter.php(384): CodeIgniter\Filters\Filters->run('penulis/tambah', 'before')
#7 C:\Users\yerob\xampp\htdocs\ci4login\vendor\codeigniter4\framework\system\CodeIgniter.php(318): CodeIgniter\CodeIgniter->handleRequest(NULL, Object(Config\Cache), false)
#8 C:\Users\yerob\xampp\htdocs\ci4login\public\index.php(37): CodeIgniter\CodeIgniter->run()
#9 C:\Users\yerob\xampp\htdocs\ci4login\vendor\codeigniter4\framework\system\Commands\Server\rewrite.php(43): require_once('C:\\Users\\yerob\\...')
#10 {main}
CRITICAL - 2021-11-22 23:49:15 --> Argument 1 passed to CodeIgniter\Database\BaseResult::getFirstRow() must be of the type string, null given, called in C:\Users\yerob\xampp\htdocs\ci4login\vendor\codeigniter4\framework\system\Model.php on line 143
#0 C:\Users\yerob\xampp\htdocs\ci4login\vendor\codeigniter4\framework\system\Model.php(143): CodeIgniter\Database\BaseResult->getFirstRow(NULL)
#1 C:\Users\yerob\xampp\htdocs\ci4login\vendor\codeigniter4\framework\system\BaseModel.php(523): CodeIgniter\Model->doFind(true, '3')
#2 C:\Users\yerob\xampp\htdocs\ci4login\vendor\myth\auth\src\Authentication\AuthenticationBase.php(137): CodeIgniter\BaseModel->find('3')
#3 C:\Users\yerob\xampp\htdocs\ci4login\vendor\myth\auth\src\Authentication\LocalAuthenticator.php(70): Myth\Auth\Authentication\AuthenticationBase->isLoggedIn()
#4 C:\Users\yerob\xampp\htdocs\ci4login\vendor\myth\auth\src\Filters\RoleFilter.php(40): Myth\Auth\Authentication\LocalAuthenticator->check()
#5 C:\Users\yerob\xampp\htdocs\ci4login\vendor\codeigniter4\framework\system\Filters\Filters.php(173): Myth\Auth\Filters\RoleFilter->before(Object(CodeIgniter\HTTP\IncomingRequest), Array)
#6 C:\Users\yerob\xampp\htdocs\ci4login\vendor\codeigniter4\framework\system\CodeIgniter.php(384): CodeIgniter\Filters\Filters->run('penulis/formTam...', 'before')
#7 C:\Users\yerob\xampp\htdocs\ci4login\vendor\codeigniter4\framework\system\CodeIgniter.php(318): CodeIgniter\CodeIgniter->handleRequest(NULL, Object(Config\Cache), false)
#8 C:\Users\yerob\xampp\htdocs\ci4login\public\index.php(37): CodeIgniter\CodeIgniter->run()
#9 C:\Users\yerob\xampp\htdocs\ci4login\vendor\codeigniter4\framework\system\Commands\Server\rewrite.php(43): require_once('C:\\Users\\yerob\\...')
#10 {main}
CRITICAL - 2021-11-22 23:49:20 --> Argument 1 passed to CodeIgniter\Database\BaseResult::getFirstRow() must be of the type string, null given, called in C:\Users\yerob\xampp\htdocs\ci4login\vendor\codeigniter4\framework\system\Model.php on line 143
#0 C:\Users\yerob\xampp\htdocs\ci4login\vendor\codeigniter4\framework\system\Model.php(143): CodeIgniter\Database\BaseResult->getFirstRow(NULL)
#1 C:\Users\yerob\xampp\htdocs\ci4login\vendor\codeigniter4\framework\system\BaseModel.php(523): CodeIgniter\Model->doFind(true, '3')
#2 C:\Users\yerob\xampp\htdocs\ci4login\vendor\myth\auth\src\Authentication\AuthenticationBase.php(137): CodeIgniter\BaseModel->find('3')
#3 C:\Users\yerob\xampp\htdocs\ci4login\vendor\myth\auth\src\Authentication\LocalAuthenticator.php(70): Myth\Auth\Authentication\AuthenticationBase->isLoggedIn()
#4 C:\Users\yerob\xampp\htdocs\ci4login\vendor\myth\auth\src\Filters\RoleFilter.php(40): Myth\Auth\Authentication\LocalAuthenticator->check()
#5 C:\Users\yerob\xampp\htdocs\ci4login\vendor\codeigniter4\framework\system\Filters\Filters.php(173): Myth\Auth\Filters\RoleFilter->before(Object(CodeIgniter\HTTP\IncomingRequest), Array)
#6 C:\Users\yerob\xampp\htdocs\ci4login\vendor\codeigniter4\framework\system\CodeIgniter.php(384): CodeIgniter\Filters\Filters->run('penulis/formTam...', 'before')
#7 C:\Users\yerob\xampp\htdocs\ci4login\vendor\codeigniter4\framework\system\CodeIgniter.php(318): CodeIgniter\CodeIgniter->handleRequest(NULL, Object(Config\Cache), false)
#8 C:\Users\yerob\xampp\htdocs\ci4login\public\index.php(37): CodeIgniter\CodeIgniter->run()
#9 C:\Users\yerob\xampp\htdocs\ci4login\vendor\codeigniter4\framework\system\Commands\Server\rewrite.php(43): require_once('C:\\Users\\yerob\\...')
#10 {main}
CRITICAL - 2021-11-22 23:49:20 --> Argument 1 passed to CodeIgniter\Database\BaseResult::getFirstRow() must be of the type string, null given, called in C:\Users\yerob\xampp\htdocs\ci4login\vendor\codeigniter4\framework\system\Model.php on line 143
#0 C:\Users\yerob\xampp\htdocs\ci4login\vendor\codeigniter4\framework\system\Model.php(143): CodeIgniter\Database\BaseResult->getFirstRow(NULL)
#1 C:\Users\yerob\xampp\htdocs\ci4login\vendor\codeigniter4\framework\system\BaseModel.php(523): CodeIgniter\Model->doFind(true, '3')
#2 C:\Users\yerob\xampp\htdocs\ci4login\vendor\myth\auth\src\Authentication\AuthenticationBase.php(137): CodeIgniter\BaseModel->find('3')
#3 C:\Users\yerob\xampp\htdocs\ci4login\vendor\myth\auth\src\Authentication\LocalAuthenticator.php(70): Myth\Auth\Authentication\AuthenticationBase->isLoggedIn()
#4 C:\Users\yerob\xampp\htdocs\ci4login\vendor\myth\auth\src\Filters\RoleFilter.php(40): Myth\Auth\Authentication\LocalAuthenticator->check()
#5 C:\Users\yerob\xampp\htdocs\ci4login\vendor\codeigniter4\framework\system\Filters\Filters.php(173): Myth\Auth\Filters\RoleFilter->before(Object(CodeIgniter\HTTP\IncomingRequest), Array)
#6 C:\Users\yerob\xampp\htdocs\ci4login\vendor\codeigniter4\framework\system\CodeIgniter.php(384): CodeIgniter\Filters\Filters->run('penulis/index', 'before')
#7 C:\Users\yerob\xampp\htdocs\ci4login\vendor\codeigniter4\framework\system\CodeIgniter.php(318): CodeIgniter\CodeIgniter->handleRequest(NULL, Object(Config\Cache), false)
#8 C:\Users\yerob\xampp\htdocs\ci4login\public\index.php(37): CodeIgniter\CodeIgniter->run()
#9 C:\Users\yerob\xampp\htdocs\ci4login\vendor\codeigniter4\framework\system\Commands\Server\rewrite.php(43): require_once('C:\\Users\\yerob\\...')
#10 {main}
CRITICAL - 2021-11-22 23:56:23 --> Object of class CodeIgniter\HTTP\RedirectResponse could not be converted to string
#0 C:\Users\yerob\xampp\htdocs\ci4login\app\Views\admin\penulis\formTambahPenulis.php(31): CodeIgniter\Debug\Exceptions->errorHandler(4096, 'Object of class...', 'C:\\Users\\yerob\\...', 31, Array)
#1 C:\Users\yerob\xampp\htdocs\ci4login\vendor\codeigniter4\framework\system\View\View.php(214): include('C:\\Users\\yerob\\...')
#2 C:\Users\yerob\xampp\htdocs\ci4login\vendor\codeigniter4\framework\system\View\View.php(217): CodeIgniter\View\View->CodeIgniter\View\{closure}()
#3 C:\Users\yerob\xampp\htdocs\ci4login\vendor\codeigniter4\framework\system\Common.php(1097): CodeIgniter\View\View->render('admin/penulis/f...', Array, true)
#4 C:\Users\yerob\xampp\htdocs\ci4login\app\Controllers\Penulis.php(36): view('admin/penulis/f...', Array)
#5 C:\Users\yerob\xampp\htdocs\ci4login\vendor\codeigniter4\framework\system\CodeIgniter.php(824): App\Controllers\Penulis->formTambah()
#6 C:\Users\yerob\xampp\htdocs\ci4login\vendor\codeigniter4\framework\system\CodeIgniter.php(410): CodeIgniter\CodeIgniter->runController(Object(App\Controllers\Penulis))
#7 C:\Users\yerob\xampp\htdocs\ci4login\vendor\codeigniter4\framework\system\CodeIgniter.php(318): CodeIgniter\CodeIgniter->handleRequest(NULL, Object(Config\Cache), false)
#8 C:\Users\yerob\xampp\htdocs\ci4login\public\index.php(37): CodeIgniter\CodeIgniter->run()
#9 C:\Users\yerob\xampp\htdocs\ci4login\vendor\codeigniter4\framework\system\Commands\Server\rewrite.php(43): require_once('C:\\Users\\yerob\\...')
#10 {main}
CRITICAL - 2021-11-22 23:56:50 --> Object of class CodeIgniter\HTTP\RedirectResponse could not be converted to string
#0 C:\Users\yerob\xampp\htdocs\ci4login\app\Views\admin\penulis\formTambahPenulis.php(31): CodeIgniter\Debug\Exceptions->errorHandler(4096, 'Object of class...', 'C:\\Users\\yerob\\...', 31, Array)
#1 C:\Users\yerob\xampp\htdocs\ci4login\vendor\codeigniter4\framework\system\View\View.php(214): include('C:\\Users\\yerob\\...')
#2 C:\Users\yerob\xampp\htdocs\ci4login\vendor\codeigniter4\framework\system\View\View.php(217): CodeIgniter\View\View->CodeIgniter\View\{closure}()
#3 C:\Users\yerob\xampp\htdocs\ci4login\vendor\codeigniter4\framework\system\Common.php(1097): CodeIgniter\View\View->render('admin/penulis/f...', Array, true)
#4 C:\Users\yerob\xampp\htdocs\ci4login\app\Controllers\Penulis.php(36): view('admin/penulis/f...', Array)
#5 C:\Users\yerob\xampp\htdocs\ci4login\vendor\codeigniter4\framework\system\CodeIgniter.php(824): App\Controllers\Penulis->formTambah()
#6 C:\Users\yerob\xampp\htdocs\ci4login\vendor\codeigniter4\framework\system\CodeIgniter.php(410): CodeIgniter\CodeIgniter->runController(Object(App\Controllers\Penulis))
#7 C:\Users\yerob\xampp\htdocs\ci4login\vendor\codeigniter4\framework\system\CodeIgniter.php(318): CodeIgniter\CodeIgniter->handleRequest(NULL, Object(Config\Cache), false)
#8 C:\Users\yerob\xampp\htdocs\ci4login\public\index.php(37): CodeIgniter\CodeIgniter->run()
#9 C:\Users\yerob\xampp\htdocs\ci4login\vendor\codeigniter4\framework\system\Commands\Server\rewrite.php(43): require_once('C:\\Users\\yerob\\...')
#10 {main}
