CRITICAL - 2021-11-29 00:39:22 --> Object of class stdClass could not be converted to string
#0 C:\Users\yerob\xampp\htdocs\ci4login\app\Views\main-page\index.php(33): CodeIgniter\Debug\Exceptions->errorHandler(4096, 'Object of class...', 'C:\\Users\\yerob\\...', 33, Array)
#1 C:\Users\yerob\xampp\htdocs\ci4login\vendor\codeigniter4\framework\system\View\View.php(214): include('C:\\Users\\yerob\\...')
#2 C:\Users\yerob\xampp\htdocs\ci4login\vendor\codeigniter4\framework\system\View\View.php(217): CodeIgniter\View\View->CodeIgniter\View\{closure}()
#3 C:\Users\yerob\xampp\htdocs\ci4login\vendor\codeigniter4\framework\system\Common.php(1097): CodeIgniter\View\View->render('main-page/index', Array, true)
#4 C:\Users\yerob\xampp\htdocs\ci4login\app\Controllers\Home.php(18): view('main-page/index', Array)
#5 C:\Users\yerob\xampp\htdocs\ci4login\vendor\codeigniter4\framework\system\CodeIgniter.php(824): App\Controllers\Home->index()
#6 C:\Users\yerob\xampp\htdocs\ci4login\vendor\codeigniter4\framework\system\CodeIgniter.php(410): CodeIgniter\CodeIgniter->runController(Object(App\Controllers\Home))
#7 C:\Users\yerob\xampp\htdocs\ci4login\vendor\codeigniter4\framework\system\CodeIgniter.php(318): CodeIgniter\CodeIgniter->handleRequest(NULL, Object(Config\Cache), false)
#8 C:\Users\yerob\xampp\htdocs\ci4login\public\index.php(37): CodeIgniter\CodeIgniter->run()
#9 C:\Users\yerob\xampp\htdocs\ci4login\vendor\codeigniter4\framework\system\Commands\Server\rewrite.php(43): require_once('C:\\Users\\yerob\\...')
#10 {main}
CRITICAL - 2021-11-29 00:39:45 --> Object of class stdClass could not be converted to string
#0 C:\Users\yerob\xampp\htdocs\ci4login\app\Views\main-page\index.php(46): CodeIgniter\Debug\Exceptions->errorHandler(4096, 'Object of class...', 'C:\\Users\\yerob\\...', 46, Array)
#1 C:\Users\yerob\xampp\htdocs\ci4login\vendor\codeigniter4\framework\system\View\View.php(214): include('C:\\Users\\yerob\\...')
#2 C:\Users\yerob\xampp\htdocs\ci4login\vendor\codeigniter4\framework\system\View\View.php(217): CodeIgniter\View\View->CodeIgniter\View\{closure}()
#3 C:\Users\yerob\xampp\htdocs\ci4login\vendor\codeigniter4\framework\system\Common.php(1097): CodeIgniter\View\View->render('main-page/index', Array, true)
#4 C:\Users\yerob\xampp\htdocs\ci4login\app\Controllers\Home.php(18): view('main-page/index', Array)
#5 C:\Users\yerob\xampp\htdocs\ci4login\vendor\codeigniter4\framework\system\CodeIgniter.php(824): App\Controllers\Home->index()
#6 C:\Users\yerob\xampp\htdocs\ci4login\vendor\codeigniter4\framework\system\CodeIgniter.php(410): CodeIgniter\CodeIgniter->runController(Object(App\Controllers\Home))
#7 C:\Users\yerob\xampp\htdocs\ci4login\vendor\codeigniter4\framework\system\CodeIgniter.php(318): CodeIgniter\CodeIgniter->handleRequest(NULL, Object(Config\Cache), false)
#8 C:\Users\yerob\xampp\htdocs\ci4login\public\index.php(37): CodeIgniter\CodeIgniter->run()
#9 C:\Users\yerob\xampp\htdocs\ci4login\vendor\codeigniter4\framework\system\Commands\Server\rewrite.php(43): require_once('C:\\Users\\yerob\\...')
#10 {main}
CRITICAL - 2021-11-29 00:48:30 --> Call to a member function paginate() on array
#0 C:\Users\yerob\xampp\htdocs\ci4login\vendor\codeigniter4\framework\system\CodeIgniter.php(824): App\Controllers\Home->index()
#1 C:\Users\yerob\xampp\htdocs\ci4login\vendor\codeigniter4\framework\system\CodeIgniter.php(410): CodeIgniter\CodeIgniter->runController(Object(App\Controllers\Home))
#2 C:\Users\yerob\xampp\htdocs\ci4login\vendor\codeigniter4\framework\system\CodeIgniter.php(318): CodeIgniter\CodeIgniter->handleRequest(NULL, Object(Config\Cache), false)
#3 C:\Users\yerob\xampp\htdocs\ci4login\public\index.php(37): CodeIgniter\CodeIgniter->run()
#4 C:\Users\yerob\xampp\htdocs\ci4login\vendor\codeigniter4\framework\system\Commands\Server\rewrite.php(43): require_once('C:\\Users\\yerob\\...')
#5 {main}
CRITICAL - 2021-11-29 00:51:35 --> Call to a member function paginate() on array
#0 C:\Users\yerob\xampp\htdocs\ci4login\vendor\codeigniter4\framework\system\CodeIgniter.php(824): App\Controllers\Home->index()
#1 C:\Users\yerob\xampp\htdocs\ci4login\vendor\codeigniter4\framework\system\CodeIgniter.php(410): CodeIgniter\CodeIgniter->runController(Object(App\Controllers\Home))
#2 C:\Users\yerob\xampp\htdocs\ci4login\vendor\codeigniter4\framework\system\CodeIgniter.php(318): CodeIgniter\CodeIgniter->handleRequest(NULL, Object(Config\Cache), false)
#3 C:\Users\yerob\xampp\htdocs\ci4login\public\index.php(37): CodeIgniter\CodeIgniter->run()
#4 C:\Users\yerob\xampp\htdocs\ci4login\vendor\codeigniter4\framework\system\Commands\Server\rewrite.php(43): require_once('C:\\Users\\yerob\\...')
#5 {main}
CRITICAL - 2021-11-29 00:51:36 --> Call to a member function paginate() on array
#0 C:\Users\yerob\xampp\htdocs\ci4login\vendor\codeigniter4\framework\system\CodeIgniter.php(824): App\Controllers\Home->index()
#1 C:\Users\yerob\xampp\htdocs\ci4login\vendor\codeigniter4\framework\system\CodeIgniter.php(410): CodeIgniter\CodeIgniter->runController(Object(App\Controllers\Home))
#2 C:\Users\yerob\xampp\htdocs\ci4login\vendor\codeigniter4\framework\system\CodeIgniter.php(318): CodeIgniter\CodeIgniter->handleRequest(NULL, Object(Config\Cache), false)
#3 C:\Users\yerob\xampp\htdocs\ci4login\public\index.php(37): CodeIgniter\CodeIgniter->run()
#4 C:\Users\yerob\xampp\htdocs\ci4login\vendor\codeigniter4\framework\system\Commands\Server\rewrite.php(43): require_once('C:\\Users\\yerob\\...')
#5 {main}
CRITICAL - 2021-11-29 00:53:53 --> Call to a member function paginate() on array
#0 C:\Users\yerob\xampp\htdocs\ci4login\vendor\codeigniter4\framework\system\CodeIgniter.php(824): App\Controllers\Home->index()
#1 C:\Users\yerob\xampp\htdocs\ci4login\vendor\codeigniter4\framework\system\CodeIgniter.php(410): CodeIgniter\CodeIgniter->runController(Object(App\Controllers\Home))
#2 C:\Users\yerob\xampp\htdocs\ci4login\vendor\codeigniter4\framework\system\CodeIgniter.php(318): CodeIgniter\CodeIgniter->handleRequest(NULL, Object(Config\Cache), false)
#3 C:\Users\yerob\xampp\htdocs\ci4login\public\index.php(37): CodeIgniter\CodeIgniter->run()
#4 C:\Users\yerob\xampp\htdocs\ci4login\vendor\codeigniter4\framework\system\Commands\Server\rewrite.php(43): require_once('C:\\Users\\yerob\\...')
#5 {main}
CRITICAL - 2021-11-29 00:53:53 --> Call to a member function paginate() on array
#0 C:\Users\yerob\xampp\htdocs\ci4login\vendor\codeigniter4\framework\system\CodeIgniter.php(824): App\Controllers\Home->index()
#1 C:\Users\yerob\xampp\htdocs\ci4login\vendor\codeigniter4\framework\system\CodeIgniter.php(410): CodeIgniter\CodeIgniter->runController(Object(App\Controllers\Home))
#2 C:\Users\yerob\xampp\htdocs\ci4login\vendor\codeigniter4\framework\system\CodeIgniter.php(318): CodeIgniter\CodeIgniter->handleRequest(NULL, Object(Config\Cache), false)
#3 C:\Users\yerob\xampp\htdocs\ci4login\public\index.php(37): CodeIgniter\CodeIgniter->run()
#4 C:\Users\yerob\xampp\htdocs\ci4login\vendor\codeigniter4\framework\system\Commands\Server\rewrite.php(43): require_once('C:\\Users\\yerob\\...')
#5 {main}
CRITICAL - 2021-11-29 00:53:54 --> Call to a member function paginate() on array
#0 C:\Users\yerob\xampp\htdocs\ci4login\vendor\codeigniter4\framework\system\CodeIgniter.php(824): App\Controllers\Home->index()
#1 C:\Users\yerob\xampp\htdocs\ci4login\vendor\codeigniter4\framework\system\CodeIgniter.php(410): CodeIgniter\CodeIgniter->runController(Object(App\Controllers\Home))
#2 C:\Users\yerob\xampp\htdocs\ci4login\vendor\codeigniter4\framework\system\CodeIgniter.php(318): CodeIgniter\CodeIgniter->handleRequest(NULL, Object(Config\Cache), false)
#3 C:\Users\yerob\xampp\htdocs\ci4login\public\index.php(37): CodeIgniter\CodeIgniter->run()
#4 C:\Users\yerob\xampp\htdocs\ci4login\vendor\codeigniter4\framework\system\Commands\Server\rewrite.php(43): require_once('C:\\Users\\yerob\\...')
#5 {main}
CRITICAL - 2021-11-29 00:53:54 --> Call to a member function paginate() on array
#0 C:\Users\yerob\xampp\htdocs\ci4login\vendor\codeigniter4\framework\system\CodeIgniter.php(824): App\Controllers\Home->index()
#1 C:\Users\yerob\xampp\htdocs\ci4login\vendor\codeigniter4\framework\system\CodeIgniter.php(410): CodeIgniter\CodeIgniter->runController(Object(App\Controllers\Home))
#2 C:\Users\yerob\xampp\htdocs\ci4login\vendor\codeigniter4\framework\system\CodeIgniter.php(318): CodeIgniter\CodeIgniter->handleRequest(NULL, Object(Config\Cache), false)
#3 C:\Users\yerob\xampp\htdocs\ci4login\public\index.php(37): CodeIgniter\CodeIgniter->run()
#4 C:\Users\yerob\xampp\htdocs\ci4login\vendor\codeigniter4\framework\system\Commands\Server\rewrite.php(43): require_once('C:\\Users\\yerob\\...')
#5 {main}
CRITICAL - 2021-11-29 00:53:55 --> Call to a member function paginate() on array
#0 C:\Users\yerob\xampp\htdocs\ci4login\vendor\codeigniter4\framework\system\CodeIgniter.php(824): App\Controllers\Home->index()
#1 C:\Users\yerob\xampp\htdocs\ci4login\vendor\codeigniter4\framework\system\CodeIgniter.php(410): CodeIgniter\CodeIgniter->runController(Object(App\Controllers\Home))
#2 C:\Users\yerob\xampp\htdocs\ci4login\vendor\codeigniter4\framework\system\CodeIgniter.php(318): CodeIgniter\CodeIgniter->handleRequest(NULL, Object(Config\Cache), false)
#3 C:\Users\yerob\xampp\htdocs\ci4login\public\index.php(37): CodeIgniter\CodeIgniter->run()
#4 C:\Users\yerob\xampp\htdocs\ci4login\vendor\codeigniter4\framework\system\Commands\Server\rewrite.php(43): require_once('C:\\Users\\yerob\\...')
#5 {main}
CRITICAL - 2021-11-29 00:53:55 --> Call to a member function paginate() on array
#0 C:\Users\yerob\xampp\htdocs\ci4login\vendor\codeigniter4\framework\system\CodeIgniter.php(824): App\Controllers\Home->index()
#1 C:\Users\yerob\xampp\htdocs\ci4login\vendor\codeigniter4\framework\system\CodeIgniter.php(410): CodeIgniter\CodeIgniter->runController(Object(App\Controllers\Home))
#2 C:\Users\yerob\xampp\htdocs\ci4login\vendor\codeigniter4\framework\system\CodeIgniter.php(318): CodeIgniter\CodeIgniter->handleRequest(NULL, Object(Config\Cache), false)
#3 C:\Users\yerob\xampp\htdocs\ci4login\public\index.php(37): CodeIgniter\CodeIgniter->run()
#4 C:\Users\yerob\xampp\htdocs\ci4login\vendor\codeigniter4\framework\system\Commands\Server\rewrite.php(43): require_once('C:\\Users\\yerob\\...')
#5 {main}
CRITICAL - 2021-11-29 00:53:55 --> Call to a member function paginate() on array
#0 C:\Users\yerob\xampp\htdocs\ci4login\vendor\codeigniter4\framework\system\CodeIgniter.php(824): App\Controllers\Home->index()
#1 C:\Users\yerob\xampp\htdocs\ci4login\vendor\codeigniter4\framework\system\CodeIgniter.php(410): CodeIgniter\CodeIgniter->runController(Object(App\Controllers\Home))
#2 C:\Users\yerob\xampp\htdocs\ci4login\vendor\codeigniter4\framework\system\CodeIgniter.php(318): CodeIgniter\CodeIgniter->handleRequest(NULL, Object(Config\Cache), false)
#3 C:\Users\yerob\xampp\htdocs\ci4login\public\index.php(37): CodeIgniter\CodeIgniter->run()
#4 C:\Users\yerob\xampp\htdocs\ci4login\vendor\codeigniter4\framework\system\Commands\Server\rewrite.php(43): require_once('C:\\Users\\yerob\\...')
#5 {main}
CRITICAL - 2021-11-29 00:53:55 --> Call to a member function paginate() on array
#0 C:\Users\yerob\xampp\htdocs\ci4login\vendor\codeigniter4\framework\system\CodeIgniter.php(824): App\Controllers\Home->index()
#1 C:\Users\yerob\xampp\htdocs\ci4login\vendor\codeigniter4\framework\system\CodeIgniter.php(410): CodeIgniter\CodeIgniter->runController(Object(App\Controllers\Home))
#2 C:\Users\yerob\xampp\htdocs\ci4login\vendor\codeigniter4\framework\system\CodeIgniter.php(318): CodeIgniter\CodeIgniter->handleRequest(NULL, Object(Config\Cache), false)
#3 C:\Users\yerob\xampp\htdocs\ci4login\public\index.php(37): CodeIgniter\CodeIgniter->run()
#4 C:\Users\yerob\xampp\htdocs\ci4login\vendor\codeigniter4\framework\system\Commands\Server\rewrite.php(43): require_once('C:\\Users\\yerob\\...')
#5 {main}
CRITICAL - 2021-11-29 00:53:55 --> Call to a member function paginate() on array
#0 C:\Users\yerob\xampp\htdocs\ci4login\vendor\codeigniter4\framework\system\CodeIgniter.php(824): App\Controllers\Home->index()
#1 C:\Users\yerob\xampp\htdocs\ci4login\vendor\codeigniter4\framework\system\CodeIgniter.php(410): CodeIgniter\CodeIgniter->runController(Object(App\Controllers\Home))
#2 C:\Users\yerob\xampp\htdocs\ci4login\vendor\codeigniter4\framework\system\CodeIgniter.php(318): CodeIgniter\CodeIgniter->handleRequest(NULL, Object(Config\Cache), false)
#3 C:\Users\yerob\xampp\htdocs\ci4login\public\index.php(37): CodeIgniter\CodeIgniter->run()
#4 C:\Users\yerob\xampp\htdocs\ci4login\vendor\codeigniter4\framework\system\Commands\Server\rewrite.php(43): require_once('C:\\Users\\yerob\\...')
#5 {main}
CRITICAL - 2021-11-29 01:04:37 --> Call to a member function paginate() on array
#0 C:\Users\yerob\xampp\htdocs\ci4login\vendor\codeigniter4\framework\system\CodeIgniter.php(824): App\Controllers\Home->index()
#1 C:\Users\yerob\xampp\htdocs\ci4login\vendor\codeigniter4\framework\system\CodeIgniter.php(410): CodeIgniter\CodeIgniter->runController(Object(App\Controllers\Home))
#2 C:\Users\yerob\xampp\htdocs\ci4login\vendor\codeigniter4\framework\system\CodeIgniter.php(318): CodeIgniter\CodeIgniter->handleRequest(NULL, Object(Config\Cache), false)
#3 C:\Users\yerob\xampp\htdocs\ci4login\public\index.php(37): CodeIgniter\CodeIgniter->run()
#4 C:\Users\yerob\xampp\htdocs\ci4login\vendor\codeigniter4\framework\system\Commands\Server\rewrite.php(43): require_once('C:\\Users\\yerob\\...')
#5 {main}
CRITICAL - 2021-11-29 01:43:37 --> Trying to get property 'pager' of non-object
#0 C:\Users\yerob\xampp\htdocs\ci4login\app\Controllers\Home.php(18): CodeIgniter\Debug\Exceptions->errorHandler(8, 'Trying to get p...', 'C:\\Users\\yerob\\...', 18, Array)
#1 C:\Users\yerob\xampp\htdocs\ci4login\vendor\codeigniter4\framework\system\CodeIgniter.php(824): App\Controllers\Home->index()
#2 C:\Users\yerob\xampp\htdocs\ci4login\vendor\codeigniter4\framework\system\CodeIgniter.php(410): CodeIgniter\CodeIgniter->runController(Object(App\Controllers\Home))
#3 C:\Users\yerob\xampp\htdocs\ci4login\vendor\codeigniter4\framework\system\CodeIgniter.php(318): CodeIgniter\CodeIgniter->handleRequest(NULL, Object(Config\Cache), false)
#4 C:\Users\yerob\xampp\htdocs\ci4login\public\index.php(37): CodeIgniter\CodeIgniter->run()
#5 C:\Users\yerob\xampp\htdocs\ci4login\vendor\codeigniter4\framework\system\Commands\Server\rewrite.php(43): require_once('C:\\Users\\yerob\\...')
#6 {main}
CRITICAL - 2021-11-29 03:44:26 --> Undefined offset: -1
#0 C:\Users\yerob\xampp\htdocs\ci4login\app\Controllers\Buku.php(127): CodeIgniter\Debug\Exceptions->errorHandler(8, 'Undefined offse...', 'C:\\Users\\yerob\\...', 127, Array)
#1 C:\Users\yerob\xampp\htdocs\ci4login\vendor\codeigniter4\framework\system\CodeIgniter.php(824): App\Controllers\Buku->detailBuku('as')
#2 C:\Users\yerob\xampp\htdocs\ci4login\vendor\codeigniter4\framework\system\CodeIgniter.php(410): CodeIgniter\CodeIgniter->runController(Object(App\Controllers\Buku))
#3 C:\Users\yerob\xampp\htdocs\ci4login\vendor\codeigniter4\framework\system\CodeIgniter.php(318): CodeIgniter\CodeIgniter->handleRequest(NULL, Object(Config\Cache), false)
#4 C:\Users\yerob\xampp\htdocs\ci4login\public\index.php(37): CodeIgniter\CodeIgniter->run()
#5 C:\Users\yerob\xampp\htdocs\ci4login\vendor\codeigniter4\framework\system\Commands\Server\rewrite.php(43): require_once('C:\\Users\\yerob\\...')
#6 {main}
