CRITICAL - 2021-11-17 08:54:15 --> Undefined property: CodeIgniter\View\View::$title
#0 C:\Users\yerob\xampp\htdocs\ci4login\app\Views\auth\templates\index.php(9): CodeIgniter\Debug\Exceptions->errorHandler(8, 'Undefined prope...', 'C:\\Users\\yerob\\...', 9, Array)
#1 C:\Users\yerob\xampp\htdocs\ci4login\vendor\codeigniter4\framework\system\View\View.php(214): include('C:\\Users\\yerob\\...')
#2 C:\Users\yerob\xampp\htdocs\ci4login\vendor\codeigniter4\framework\system\View\View.php(217): CodeIgniter\View\View->CodeIgniter\View\{closure}()
#3 C:\Users\yerob\xampp\htdocs\ci4login\vendor\codeigniter4\framework\system\View\View.php(230): CodeIgniter\View\View->render('auth/templates/...', Array, true)
#4 C:\Users\yerob\xampp\htdocs\ci4login\vendor\codeigniter4\framework\system\Common.php(1097): CodeIgniter\View\View->render('auth/login-user', Array, true)
#5 C:\Users\yerob\xampp\htdocs\ci4login\app\Controllers\Home.php(15): view('auth/login-user')
#6 C:\Users\yerob\xampp\htdocs\ci4login\vendor\codeigniter4\framework\system\CodeIgniter.php(824): App\Controllers\Home->user()
#7 C:\Users\yerob\xampp\htdocs\ci4login\vendor\codeigniter4\framework\system\CodeIgniter.php(410): CodeIgniter\CodeIgniter->runController(Object(App\Controllers\Home))
#8 C:\Users\yerob\xampp\htdocs\ci4login\vendor\codeigniter4\framework\system\CodeIgniter.php(318): CodeIgniter\CodeIgniter->handleRequest(NULL, Object(Config\Cache), false)
#9 C:\Users\yerob\xampp\htdocs\ci4login\public\index.php(37): CodeIgniter\CodeIgniter->run()
#10 C:\Users\yerob\xampp\htdocs\ci4login\vendor\codeigniter4\framework\system\Commands\Server\rewrite.php(43): require_once('C:\\Users\\yerob\\...')
#11 {main}
CRITICAL - 2021-11-17 08:55:29 --> Undefined variable: title
#0 C:\Users\yerob\xampp\htdocs\ci4login\app\Views\auth\templates\index.php(9): CodeIgniter\Debug\Exceptions->errorHandler(8, 'Undefined varia...', 'C:\\Users\\yerob\\...', 9, Array)
#1 C:\Users\yerob\xampp\htdocs\ci4login\vendor\codeigniter4\framework\system\View\View.php(214): include('C:\\Users\\yerob\\...')
#2 C:\Users\yerob\xampp\htdocs\ci4login\vendor\codeigniter4\framework\system\View\View.php(217): CodeIgniter\View\View->CodeIgniter\View\{closure}()
#3 C:\Users\yerob\xampp\htdocs\ci4login\vendor\codeigniter4\framework\system\View\View.php(230): CodeIgniter\View\View->render('auth/templates/...', Array, true)
#4 C:\Users\yerob\xampp\htdocs\ci4login\vendor\codeigniter4\framework\system\Common.php(1097): CodeIgniter\View\View->render('auth/login-user', Array, true)
#5 C:\Users\yerob\xampp\htdocs\ci4login\app\Controllers\Home.php(15): view('auth/login-user')
#6 C:\Users\yerob\xampp\htdocs\ci4login\vendor\codeigniter4\framework\system\CodeIgniter.php(824): App\Controllers\Home->user()
#7 C:\Users\yerob\xampp\htdocs\ci4login\vendor\codeigniter4\framework\system\CodeIgniter.php(410): CodeIgniter\CodeIgniter->runController(Object(App\Controllers\Home))
#8 C:\Users\yerob\xampp\htdocs\ci4login\vendor\codeigniter4\framework\system\CodeIgniter.php(318): CodeIgniter\CodeIgniter->handleRequest(NULL, Object(Config\Cache), false)
#9 C:\Users\yerob\xampp\htdocs\ci4login\public\index.php(37): CodeIgniter\CodeIgniter->run()
#10 C:\Users\yerob\xampp\htdocs\ci4login\vendor\codeigniter4\framework\system\Commands\Server\rewrite.php(43): require_once('C:\\Users\\yerob\\...')
#11 {main}
CRITICAL - 2021-11-17 08:58:05 --> Undefined variable: title
#0 C:\Users\yerob\xampp\htdocs\ci4login\app\Views\auth\login-user.php(4): CodeIgniter\Debug\Exceptions->errorHandler(8, 'Undefined varia...', 'C:\\Users\\yerob\\...', 4, Array)
#1 C:\Users\yerob\xampp\htdocs\ci4login\vendor\codeigniter4\framework\system\View\View.php(214): include('C:\\Users\\yerob\\...')
#2 C:\Users\yerob\xampp\htdocs\ci4login\vendor\codeigniter4\framework\system\View\View.php(217): CodeIgniter\View\View->CodeIgniter\View\{closure}()
#3 C:\Users\yerob\xampp\htdocs\ci4login\vendor\codeigniter4\framework\system\Common.php(1097): CodeIgniter\View\View->render('auth/login-user', Array, true)
#4 C:\Users\yerob\xampp\htdocs\ci4login\app\Controllers\Home.php(15): view('auth/login-user')
#5 C:\Users\yerob\xampp\htdocs\ci4login\vendor\codeigniter4\framework\system\CodeIgniter.php(824): App\Controllers\Home->user()
#6 C:\Users\yerob\xampp\htdocs\ci4login\vendor\codeigniter4\framework\system\CodeIgniter.php(410): CodeIgniter\CodeIgniter->runController(Object(App\Controllers\Home))
#7 C:\Users\yerob\xampp\htdocs\ci4login\vendor\codeigniter4\framework\system\CodeIgniter.php(318): CodeIgniter\CodeIgniter->handleRequest(NULL, Object(Config\Cache), false)
#8 C:\Users\yerob\xampp\htdocs\ci4login\public\index.php(37): CodeIgniter\CodeIgniter->run()
#9 C:\Users\yerob\xampp\htdocs\ci4login\vendor\codeigniter4\framework\system\Commands\Server\rewrite.php(43): require_once('C:\\Users\\yerob\\...')
#10 {main}
CRITICAL - 2021-11-17 08:58:06 --> Undefined variable: title
#0 C:\Users\yerob\xampp\htdocs\ci4login\app\Views\auth\login-user.php(4): CodeIgniter\Debug\Exceptions->errorHandler(8, 'Undefined varia...', 'C:\\Users\\yerob\\...', 4, Array)
#1 C:\Users\yerob\xampp\htdocs\ci4login\vendor\codeigniter4\framework\system\View\View.php(214): include('C:\\Users\\yerob\\...')
#2 C:\Users\yerob\xampp\htdocs\ci4login\vendor\codeigniter4\framework\system\View\View.php(217): CodeIgniter\View\View->CodeIgniter\View\{closure}()
#3 C:\Users\yerob\xampp\htdocs\ci4login\vendor\codeigniter4\framework\system\Common.php(1097): CodeIgniter\View\View->render('auth/login-user', Array, true)
#4 C:\Users\yerob\xampp\htdocs\ci4login\app\Controllers\Home.php(15): view('auth/login-user')
#5 C:\Users\yerob\xampp\htdocs\ci4login\vendor\codeigniter4\framework\system\CodeIgniter.php(824): App\Controllers\Home->user()
#6 C:\Users\yerob\xampp\htdocs\ci4login\vendor\codeigniter4\framework\system\CodeIgniter.php(410): CodeIgniter\CodeIgniter->runController(Object(App\Controllers\Home))
#7 C:\Users\yerob\xampp\htdocs\ci4login\vendor\codeigniter4\framework\system\CodeIgniter.php(318): CodeIgniter\CodeIgniter->handleRequest(NULL, Object(Config\Cache), false)
#8 C:\Users\yerob\xampp\htdocs\ci4login\public\index.php(37): CodeIgniter\CodeIgniter->run()
#9 C:\Users\yerob\xampp\htdocs\ci4login\vendor\codeigniter4\framework\system\Commands\Server\rewrite.php(43): require_once('C:\\Users\\yerob\\...')
#10 {main}
CRITICAL - 2021-11-17 09:00:10 --> Undefined variable: title
#0 C:\Users\yerob\xampp\htdocs\ci4login\app\Views\auth\login-user.php(4): CodeIgniter\Debug\Exceptions->errorHandler(8, 'Undefined varia...', 'C:\\Users\\yerob\\...', 4, Array)
#1 C:\Users\yerob\xampp\htdocs\ci4login\vendor\codeigniter4\framework\system\View\View.php(214): include('C:\\Users\\yerob\\...')
#2 C:\Users\yerob\xampp\htdocs\ci4login\vendor\codeigniter4\framework\system\View\View.php(217): CodeIgniter\View\View->CodeIgniter\View\{closure}()
#3 C:\Users\yerob\xampp\htdocs\ci4login\vendor\codeigniter4\framework\system\Common.php(1097): CodeIgniter\View\View->render('auth/login-user', Array, true)
#4 C:\Users\yerob\xampp\htdocs\ci4login\app\Controllers\Home.php(15): view('auth/login-user')
#5 C:\Users\yerob\xampp\htdocs\ci4login\vendor\codeigniter4\framework\system\CodeIgniter.php(824): App\Controllers\Home->user()
#6 C:\Users\yerob\xampp\htdocs\ci4login\vendor\codeigniter4\framework\system\CodeIgniter.php(410): CodeIgniter\CodeIgniter->runController(Object(App\Controllers\Home))
#7 C:\Users\yerob\xampp\htdocs\ci4login\vendor\codeigniter4\framework\system\CodeIgniter.php(318): CodeIgniter\CodeIgniter->handleRequest(NULL, Object(Config\Cache), false)
#8 C:\Users\yerob\xampp\htdocs\ci4login\public\index.php(37): CodeIgniter\CodeIgniter->run()
#9 C:\Users\yerob\xampp\htdocs\ci4login\vendor\codeigniter4\framework\system\Commands\Server\rewrite.php(43): require_once('C:\\Users\\yerob\\...')
#10 {main}
CRITICAL - 2021-11-17 09:01:35 --> Undefined property: App\Controllers\Home::$load
#0 C:\Users\yerob\xampp\htdocs\ci4login\app\Controllers\Home.php(15): CodeIgniter\Debug\Exceptions->errorHandler(8, 'Undefined prope...', 'C:\\Users\\yerob\\...', 15, Array)
#1 C:\Users\yerob\xampp\htdocs\ci4login\vendor\codeigniter4\framework\system\CodeIgniter.php(824): App\Controllers\Home->user()
#2 C:\Users\yerob\xampp\htdocs\ci4login\vendor\codeigniter4\framework\system\CodeIgniter.php(410): CodeIgniter\CodeIgniter->runController(Object(App\Controllers\Home))
#3 C:\Users\yerob\xampp\htdocs\ci4login\vendor\codeigniter4\framework\system\CodeIgniter.php(318): CodeIgniter\CodeIgniter->handleRequest(NULL, Object(Config\Cache), false)
#4 C:\Users\yerob\xampp\htdocs\ci4login\public\index.php(37): CodeIgniter\CodeIgniter->run()
#5 C:\Users\yerob\xampp\htdocs\ci4login\vendor\codeigniter4\framework\system\Commands\Server\rewrite.php(43): require_once('C:\\Users\\yerob\\...')
#6 {main}
CRITICAL - 2021-11-17 09:13:20 --> Undefined property: App\Controllers\Home::$load
#0 C:\Users\yerob\xampp\htdocs\ci4login\app\Controllers\Home.php(15): CodeIgniter\Debug\Exceptions->errorHandler(8, 'Undefined prope...', 'C:\\Users\\yerob\\...', 15, Array)
#1 C:\Users\yerob\xampp\htdocs\ci4login\vendor\codeigniter4\framework\system\CodeIgniter.php(824): App\Controllers\Home->user()
#2 C:\Users\yerob\xampp\htdocs\ci4login\vendor\codeigniter4\framework\system\CodeIgniter.php(410): CodeIgniter\CodeIgniter->runController(Object(App\Controllers\Home))
#3 C:\Users\yerob\xampp\htdocs\ci4login\vendor\codeigniter4\framework\system\CodeIgniter.php(318): CodeIgniter\CodeIgniter->handleRequest(NULL, Object(Config\Cache), false)
#4 C:\Users\yerob\xampp\htdocs\ci4login\public\index.php(37): CodeIgniter\CodeIgniter->run()
#5 C:\Users\yerob\xampp\htdocs\ci4login\vendor\codeigniter4\framework\system\Commands\Server\rewrite.php(43): require_once('C:\\Users\\yerob\\...')
#6 {main}
CRITICAL - 2021-11-17 09:13:43 --> Argument 2 passed to view() must be of the type array, string given, called in C:\Users\yerob\xampp\htdocs\ci4login\app\Controllers\Home.php on line 15
#0 C:\Users\yerob\xampp\htdocs\ci4login\app\Controllers\Home.php(15): view('auth/login-user', 'Login User')
#1 C:\Users\yerob\xampp\htdocs\ci4login\vendor\codeigniter4\framework\system\CodeIgniter.php(824): App\Controllers\Home->user()
#2 C:\Users\yerob\xampp\htdocs\ci4login\vendor\codeigniter4\framework\system\CodeIgniter.php(410): CodeIgniter\CodeIgniter->runController(Object(App\Controllers\Home))
#3 C:\Users\yerob\xampp\htdocs\ci4login\vendor\codeigniter4\framework\system\CodeIgniter.php(318): CodeIgniter\CodeIgniter->handleRequest(NULL, Object(Config\Cache), false)
#4 C:\Users\yerob\xampp\htdocs\ci4login\public\index.php(37): CodeIgniter\CodeIgniter->run()
#5 C:\Users\yerob\xampp\htdocs\ci4login\vendor\codeigniter4\framework\system\Commands\Server\rewrite.php(43): require_once('C:\\Users\\yerob\\...')
#6 {main}
CRITICAL - 2021-11-17 09:54:19 --> Invalid file: penerbit/homr.php
#0 C:\Users\yerob\xampp\htdocs\ci4login\vendor\codeigniter4\framework\system\View\View.php(198): CodeIgniter\Exceptions\FrameworkException::forInvalidFile('penerbit/homr.p...')
#1 C:\Users\yerob\xampp\htdocs\ci4login\vendor\codeigniter4\framework\system\Common.php(1097): CodeIgniter\View\View->render('penerbit/homr', Array, true)
#2 C:\Users\yerob\xampp\htdocs\ci4login\app\Controllers\Home.php(9): view('penerbit/homr')
#3 C:\Users\yerob\xampp\htdocs\ci4login\vendor\codeigniter4\framework\system\CodeIgniter.php(824): App\Controllers\Home->index()
#4 C:\Users\yerob\xampp\htdocs\ci4login\vendor\codeigniter4\framework\system\CodeIgniter.php(410): CodeIgniter\CodeIgniter->runController(Object(App\Controllers\Home))
#5 C:\Users\yerob\xampp\htdocs\ci4login\vendor\codeigniter4\framework\system\CodeIgniter.php(318): CodeIgniter\CodeIgniter->handleRequest(NULL, Object(Config\Cache), false)
#6 C:\Users\yerob\xampp\htdocs\ci4login\public\index.php(37): CodeIgniter\CodeIgniter->run()
#7 C:\Users\yerob\xampp\htdocs\ci4login\vendor\codeigniter4\framework\system\Commands\Server\rewrite.php(43): require_once('C:\\Users\\yerob\\...')
#8 {main}
ERROR - 2021-11-17 10:23:34 --> Error connecting to the database: Class 'SQLite3' not found
ERROR - 2021-11-17 10:30:35 --> Error connecting to the database: Class 'SQLite3' not found
CRITICAL - 2021-11-17 10:31:53 --> default is not a valid database connection group.
#0 C:\Users\yerob\xampp\htdocs\ci4login\vendor\codeigniter4\framework\system\Common.php(312): CodeIgniter\Database\Config::connect('default', true)
#1 C:\Users\yerob\xampp\htdocs\ci4login\vendor\codeigniter4\framework\system\Database\MigrationRunner.php(149): db_connect(NULL)
#2 C:\Users\yerob\xampp\htdocs\ci4login\vendor\codeigniter4\framework\system\Config\Services.php(376): CodeIgniter\Database\MigrationRunner->__construct(NULL, NULL)
#3 C:\Users\yerob\xampp\htdocs\ci4login\vendor\codeigniter4\framework\system\Config\BaseService.php(248): CodeIgniter\Config\Services::migrations(Object(Config\Migrations), NULL, false)
#4 C:\Users\yerob\xampp\htdocs\ci4login\vendor\codeigniter4\framework\system\Config\BaseService.php(189): CodeIgniter\Config\BaseService::__callStatic('migrations', Array)
#5 C:\Users\yerob\xampp\htdocs\ci4login\vendor\codeigniter4\framework\system\Config\Services.php(371): CodeIgniter\Config\BaseService::getSharedInstance('migrations', NULL, NULL)
#6 C:\Users\yerob\xampp\htdocs\ci4login\vendor\codeigniter4\framework\system\Config\BaseService.php(248): CodeIgniter\Config\Services::migrations()
#7 C:\Users\yerob\xampp\htdocs\ci4login\vendor\codeigniter4\framework\system\Commands\Database\Migrate.php(69): CodeIgniter\Config\BaseService::__callStatic('migrations', Array)
#8 C:\Users\yerob\xampp\htdocs\ci4login\vendor\codeigniter4\framework\system\CLI\Commands.php(63): CodeIgniter\Commands\Database\Migrate->run(Array)
#9 C:\Users\yerob\xampp\htdocs\ci4login\vendor\codeigniter4\framework\system\CLI\CommandRunner.php(70): CodeIgniter\CLI\Commands->run('migrate', Array)
#10 C:\Users\yerob\xampp\htdocs\ci4login\vendor\codeigniter4\framework\system\CLI\CommandRunner.php(56): CodeIgniter\CLI\CommandRunner->index(Array)
#11 C:\Users\yerob\xampp\htdocs\ci4login\vendor\codeigniter4\framework\system\CodeIgniter.php(822): CodeIgniter\CLI\CommandRunner->_remap('index', 'migrate')
#12 C:\Users\yerob\xampp\htdocs\ci4login\vendor\codeigniter4\framework\system\CodeIgniter.php(410): CodeIgniter\CodeIgniter->runController(Object(CodeIgniter\CLI\CommandRunner))
#13 C:\Users\yerob\xampp\htdocs\ci4login\vendor\codeigniter4\framework\system\CodeIgniter.php(318): CodeIgniter\CodeIgniter->handleRequest(NULL, Object(Config\Cache), false)
#14 C:\Users\yerob\xampp\htdocs\ci4login\vendor\codeigniter4\framework\system\CLI\Console.php(48): CodeIgniter\CodeIgniter->run()
#15 C:\Users\yerob\xampp\htdocs\ci4login\spark(63): CodeIgniter\CLI\Console->run()
#16 {main}
ERROR - 2021-11-17 10:34:33 --> Error connecting to the database: Class 'SQLite3' not found
ERROR - 2021-11-17 10:36:41 --> Error connecting to the database: Class 'SQLite3' not found
