CRITICAL - 2021-11-23 00:51:30 --> Argument 1 passed to CodeIgniter\Database\BaseResult::getFirstRow() must be of the type string, null given, called in C:\Users\yerob\xampp\htdocs\ci4login\vendor\codeigniter4\framework\system\Model.php on line 143
#0 C:\Users\yerob\xampp\htdocs\ci4login\vendor\codeigniter4\framework\system\Model.php(143): CodeIgniter\Database\BaseResult->getFirstRow(NULL)
#1 C:\Users\yerob\xampp\htdocs\ci4login\vendor\codeigniter4\framework\system\BaseModel.php(523): CodeIgniter\Model->doFind(true, '3')
#2 C:\Users\yerob\xampp\htdocs\ci4login\vendor\myth\auth\src\Authentication\AuthenticationBase.php(137): CodeIgniter\BaseModel->find('3')
#3 C:\Users\yerob\xampp\htdocs\ci4login\vendor\myth\auth\src\Authentication\LocalAuthenticator.php(70): Myth\Auth\Authentication\AuthenticationBase->isLoggedIn()
#4 C:\Users\yerob\xampp\htdocs\ci4login\vendor\myth\auth\src\Filters\RoleFilter.php(40): Myth\Auth\Authentication\LocalAuthenticator->check()
#5 C:\Users\yerob\xampp\htdocs\ci4login\vendor\codeigniter4\framework\system\Filters\Filters.php(173): Myth\Auth\Filters\RoleFilter->before(Object(CodeIgniter\HTTP\IncomingRequest), Array)
#6 C:\Users\yerob\xampp\htdocs\ci4login\vendor\codeigniter4\framework\system\CodeIgniter.php(384): CodeIgniter\Filters\Filters->run('penulis/formTam...', 'before')
#7 C:\Users\yerob\xampp\htdocs\ci4login\vendor\codeigniter4\framework\system\CodeIgniter.php(318): CodeIgniter\CodeIgniter->handleRequest(NULL, Object(Config\Cache), false)
#8 C:\Users\yerob\xampp\htdocs\ci4login\public\index.php(37): CodeIgniter\CodeIgniter->run()
#9 C:\Users\yerob\xampp\htdocs\ci4login\vendor\codeigniter4\framework\system\Commands\Server\rewrite.php(43): require_once('C:\\Users\\yerob\\...')
#10 {main}
CRITICAL - 2021-11-23 00:51:40 --> Argument 1 passed to CodeIgniter\Database\BaseResult::getFirstRow() must be of the type string, null given, called in C:\Users\yerob\xampp\htdocs\ci4login\vendor\codeigniter4\framework\system\Model.php on line 143
#0 C:\Users\yerob\xampp\htdocs\ci4login\vendor\codeigniter4\framework\system\Model.php(143): CodeIgniter\Database\BaseResult->getFirstRow(NULL)
#1 C:\Users\yerob\xampp\htdocs\ci4login\vendor\codeigniter4\framework\system\BaseModel.php(523): CodeIgniter\Model->doFind(true, '3')
#2 C:\Users\yerob\xampp\htdocs\ci4login\vendor\myth\auth\src\Authentication\AuthenticationBase.php(137): CodeIgniter\BaseModel->find('3')
#3 C:\Users\yerob\xampp\htdocs\ci4login\vendor\myth\auth\src\Authentication\LocalAuthenticator.php(70): Myth\Auth\Authentication\AuthenticationBase->isLoggedIn()
#4 C:\Users\yerob\xampp\htdocs\ci4login\vendor\myth\auth\src\Filters\RoleFilter.php(40): Myth\Auth\Authentication\LocalAuthenticator->check()
#5 C:\Users\yerob\xampp\htdocs\ci4login\vendor\codeigniter4\framework\system\Filters\Filters.php(173): Myth\Auth\Filters\RoleFilter->before(Object(CodeIgniter\HTTP\IncomingRequest), Array)
#6 C:\Users\yerob\xampp\htdocs\ci4login\vendor\codeigniter4\framework\system\CodeIgniter.php(384): CodeIgniter\Filters\Filters->run('penulis/formTam...', 'before')
#7 C:\Users\yerob\xampp\htdocs\ci4login\vendor\codeigniter4\framework\system\CodeIgniter.php(318): CodeIgniter\CodeIgniter->handleRequest(NULL, Object(Config\Cache), false)
#8 C:\Users\yerob\xampp\htdocs\ci4login\public\index.php(37): CodeIgniter\CodeIgniter->run()
#9 C:\Users\yerob\xampp\htdocs\ci4login\vendor\codeigniter4\framework\system\Commands\Server\rewrite.php(43): require_once('C:\\Users\\yerob\\...')
#10 {main}
CRITICAL - 2021-11-23 00:52:42 --> Argument 1 passed to CodeIgniter\Database\BaseResult::getFirstRow() must be of the type string, null given, called in C:\Users\yerob\xampp\htdocs\ci4login\vendor\codeigniter4\framework\system\Model.php on line 143
#0 C:\Users\yerob\xampp\htdocs\ci4login\vendor\codeigniter4\framework\system\Model.php(143): CodeIgniter\Database\BaseResult->getFirstRow(NULL)
#1 C:\Users\yerob\xampp\htdocs\ci4login\vendor\codeigniter4\framework\system\BaseModel.php(523): CodeIgniter\Model->doFind(true, '3')
#2 C:\Users\yerob\xampp\htdocs\ci4login\vendor\myth\auth\src\Authentication\AuthenticationBase.php(137): CodeIgniter\BaseModel->find('3')
#3 C:\Users\yerob\xampp\htdocs\ci4login\vendor\myth\auth\src\Authentication\LocalAuthenticator.php(70): Myth\Auth\Authentication\AuthenticationBase->isLoggedIn()
#4 C:\Users\yerob\xampp\htdocs\ci4login\vendor\myth\auth\src\Filters\RoleFilter.php(40): Myth\Auth\Authentication\LocalAuthenticator->check()
#5 C:\Users\yerob\xampp\htdocs\ci4login\vendor\codeigniter4\framework\system\Filters\Filters.php(173): Myth\Auth\Filters\RoleFilter->before(Object(CodeIgniter\HTTP\IncomingRequest), Array)
#6 C:\Users\yerob\xampp\htdocs\ci4login\vendor\codeigniter4\framework\system\CodeIgniter.php(384): CodeIgniter\Filters\Filters->run('penulis/formTam...', 'before')
#7 C:\Users\yerob\xampp\htdocs\ci4login\vendor\codeigniter4\framework\system\CodeIgniter.php(318): CodeIgniter\CodeIgniter->handleRequest(NULL, Object(Config\Cache), false)
#8 C:\Users\yerob\xampp\htdocs\ci4login\public\index.php(37): CodeIgniter\CodeIgniter->run()
#9 C:\Users\yerob\xampp\htdocs\ci4login\vendor\codeigniter4\framework\system\Commands\Server\rewrite.php(43): require_once('C:\\Users\\yerob\\...')
#10 {main}
ERROR - 2021-11-23 21:57:36 --> Can't create table `ebook`.`ebook_has_penulis` (errno: 150 "Foreign key constraint is incorrectly formed")
CRITICAL - 2021-11-23 23:27:53 --> Trying to get property 'id' of non-object
#0 C:\Users\yerob\xampp\htdocs\ci4login\app\Views\admin\penulis\listPenulis.php(41): CodeIgniter\Debug\Exceptions->errorHandler(8, 'Trying to get p...', 'C:\\Users\\yerob\\...', 41, Array)
#1 C:\Users\yerob\xampp\htdocs\ci4login\vendor\codeigniter4\framework\system\View\View.php(214): include('C:\\Users\\yerob\\...')
#2 C:\Users\yerob\xampp\htdocs\ci4login\vendor\codeigniter4\framework\system\View\View.php(217): CodeIgniter\View\View->CodeIgniter\View\{closure}()
#3 C:\Users\yerob\xampp\htdocs\ci4login\vendor\codeigniter4\framework\system\Common.php(1097): CodeIgniter\View\View->render('admin/penulis/l...', Array, true)
#4 C:\Users\yerob\xampp\htdocs\ci4login\app\Controllers\Penulis.php(21): view('admin/penulis/l...', Array)
#5 C:\Users\yerob\xampp\htdocs\ci4login\vendor\codeigniter4\framework\system\CodeIgniter.php(824): App\Controllers\Penulis->index()
#6 C:\Users\yerob\xampp\htdocs\ci4login\vendor\codeigniter4\framework\system\CodeIgniter.php(410): CodeIgniter\CodeIgniter->runController(Object(App\Controllers\Penulis))
#7 C:\Users\yerob\xampp\htdocs\ci4login\vendor\codeigniter4\framework\system\CodeIgniter.php(318): CodeIgniter\CodeIgniter->handleRequest(NULL, Object(Config\Cache), false)
#8 C:\Users\yerob\xampp\htdocs\ci4login\public\index.php(37): CodeIgniter\CodeIgniter->run()
#9 C:\Users\yerob\xampp\htdocs\ci4login\vendor\codeigniter4\framework\system\Commands\Server\rewrite.php(43): require_once('C:\\Users\\yerob\\...')
#10 {main}
